The system is: Linux - 4.15.0-39-generic - x86_64
Compiling the C compiler identification source file "CMakeCCompilerId.c" succeeded.
Compiler: /usr/bin/cc 
Build flags: ;-ffunction-sections;-fdata-sections;-fPIC;-m64
Id flags:  

The output was:
0


Compilation of the C compiler identification source "CMakeCCompilerId.c" produced "a.out"

The C compiler identification is GNU, found in "/home/timon/Documents/git/amethyst-server/amethyst-server/target/debug/build/expat-sys-6ebe635931f582a6/out/build/CMakeFiles/3.10.2/CompilerIdC/a.out"

Determining if the C compiler works passed with the following output:
Change Dir: /home/timon/Documents/git/amethyst-server/amethyst-server/target/debug/build/expat-sys-6ebe635931f582a6/out/build/CMakeFiles/CMakeTmp

Run Build Command:"/usr/bin/make" "cmTC_aa8a3/fast"
/usr/bin/make -f CMakeFiles/cmTC_aa8a3.dir/build.make CMakeFiles/cmTC_aa8a3.dir/build
make[1]: Entering directory '/home/timon/Documents/git/amethyst-server/amethyst-server/target/debug/build/expat-sys-6ebe635931f582a6/out/build/CMakeFiles/CMakeTmp'
Building C object CMakeFiles/cmTC_aa8a3.dir/testCCompiler.c.o
/usr/bin/cc   -ffunction-sections -fdata-sections -fPIC -m64    -o CMakeFiles/cmTC_aa8a3.dir/testCCompiler.c.o   -c /home/timon/Documents/git/amethyst-server/amethyst-server/target/debug/build/expat-sys-6ebe635931f582a6/out/build/CMakeFiles/CMakeTmp/testCCompiler.c
Linking C executable cmTC_aa8a3
/usr/bin/cmake -E cmake_link_script CMakeFiles/cmTC_aa8a3.dir/link.txt --verbose=1
/usr/bin/cc  -ffunction-sections -fdata-sections -fPIC -m64     -rdynamic CMakeFiles/cmTC_aa8a3.dir/testCCompiler.c.o  -o cmTC_aa8a3 
make[1]: Leaving directory '/home/timon/Documents/git/amethyst-server/amethyst-server/target/debug/build/expat-sys-6ebe635931f582a6/out/build/CMakeFiles/CMakeTmp'


Detecting C compiler ABI info compiled with the following output:
Change Dir: /home/timon/Documents/git/amethyst-server/amethyst-server/target/debug/build/expat-sys-6ebe635931f582a6/out/build/CMakeFiles/CMakeTmp

Run Build Command:"/usr/bin/make" "cmTC_c275b/fast"
/usr/bin/make -f CMakeFiles/cmTC_c275b.dir/build.make CMakeFiles/cmTC_c275b.dir/build
make[1]: Entering directory '/home/timon/Documents/git/amethyst-server/amethyst-server/target/debug/build/expat-sys-6ebe635931f582a6/out/build/CMakeFiles/CMakeTmp'
Building C object CMakeFiles/cmTC_c275b.dir/CMakeCCompilerABI.c.o
/usr/bin/cc   -ffunction-sections -fdata-sections -fPIC -m64    -o CMakeFiles/cmTC_c275b.dir/CMakeCCompilerABI.c.o   -c /usr/share/cmake-3.10/Modules/CMakeCCompilerABI.c
Linking C executable cmTC_c275b
/usr/bin/cmake -E cmake_link_script CMakeFiles/cmTC_c275b.dir/link.txt --verbose=1
/usr/bin/cc  -ffunction-sections -fdata-sections -fPIC -m64    -v -rdynamic CMakeFiles/cmTC_c275b.dir/CMakeCCompilerABI.c.o  -o cmTC_c275b 
Using built-in specs.
COLLECT_GCC=/usr/bin/cc
COLLECT_LTO_WRAPPER=/usr/lib/gcc/x86_64-linux-gnu/7/lto-wrapper
OFFLOAD_TARGET_NAMES=nvptx-none
OFFLOAD_TARGET_DEFAULT=1
Target: x86_64-linux-gnu
Configured with: ../src/configure -v --with-pkgversion='Ubuntu 7.3.0-27ubuntu1~18.04' --with-bugurl=file:///usr/share/doc/gcc-7/README.Bugs --enable-languages=c,ada,c++,go,brig,d,fortran,objc,obj-c++ --prefix=/usr --with-gcc-major-version-only --program-suffix=-7 --program-prefix=x86_64-linux-gnu- --enable-shared --enable-linker-build-id --libexecdir=/usr/lib --without-included-gettext --enable-threads=posix --libdir=/usr/lib --enable-nls --with-sysroot=/ --enable-clocale=gnu --enable-libstdcxx-debug --enable-libstdcxx-time=yes --with-default-libstdcxx-abi=new --enable-gnu-unique-object --disable-vtable-verify --enable-libmpx --enable-plugin --enable-default-pie --with-system-zlib --with-target-system-zlib --enable-objc-gc=auto --enable-multiarch --disable-werror --with-arch-32=i686 --with-abi=m64 --with-multilib-list=m32,m64,mx32 --enable-multilib --with-tune=generic --enable-offload-targets=nvptx-none --without-cuda-driver --enable-checking=release --build=x86_64-linux-gnu --host=x86_64-linux-gnu --target=x86_64-linux-gnu
Thread model: posix
gcc version 7.3.0 (Ubuntu 7.3.0-27ubuntu1~18.04) 
COMPILER_PATH=/usr/lib/gcc/x86_64-linux-gnu/7/:/usr/lib/gcc/x86_64-linux-gnu/7/:/usr/lib/gcc/x86_64-linux-gnu/:/usr/lib/gcc/x86_64-linux-gnu/7/:/usr/lib/gcc/x86_64-linux-gnu/
LIBRARY_PATH=/usr/lib/gcc/x86_64-linux-gnu/7/:/usr/lib/gcc/x86_64-linux-gnu/7/../../../x86_64-linux-gnu/:/usr/lib/gcc/x86_64-linux-gnu/7/../../../../lib/:/lib/x86_64-linux-gnu/:/lib/../lib/:/usr/lib/x86_64-linux-gnu/:/usr/lib/../lib/:/usr/lib/gcc/x86_64-linux-gnu/7/../../../:/lib/:/usr/lib/
COLLECT_GCC_OPTIONS='-ffunction-sections' '-fdata-sections' '-fPIC' '-m64' '-v' '-rdynamic' '-o' 'cmTC_c275b' '-mtune=generic' '-march=x86-64'
 /usr/lib/gcc/x86_64-linux-gnu/7/collect2 -plugin /usr/lib/gcc/x86_64-linux-gnu/7/liblto_plugin.so -plugin-opt=/usr/lib/gcc/x86_64-linux-gnu/7/lto-wrapper -plugin-opt=-fresolution=/tmp/ccqz8k2e.res -plugin-opt=-pass-through=-lgcc -plugin-opt=-pass-through=-lgcc_s -plugin-opt=-pass-through=-lc -plugin-opt=-pass-through=-lgcc -plugin-opt=-pass-through=-lgcc_s --sysroot=/ --build-id --eh-frame-hdr -m elf_x86_64 --hash-style=gnu --as-needed -export-dynamic -dynamic-linker /lib64/ld-linux-x86-64.so.2 -pie -z now -z relro -o cmTC_c275b /usr/lib/gcc/x86_64-linux-gnu/7/../../../x86_64-linux-gnu/Scrt1.o /usr/lib/gcc/x86_64-linux-gnu/7/../../../x86_64-linux-gnu/crti.o /usr/lib/gcc/x86_64-linux-gnu/7/crtbeginS.o -L/usr/lib/gcc/x86_64-linux-gnu/7 -L/usr/lib/gcc/x86_64-linux-gnu/7/../../../x86_64-linux-gnu -L/usr/lib/gcc/x86_64-linux-gnu/7/../../../../lib -L/lib/x86_64-linux-gnu -L/lib/../lib -L/usr/lib/x86_64-linux-gnu -L/usr/lib/../lib -L/usr/lib/gcc/x86_64-linux-gnu/7/../../.. CMakeFiles/cmTC_c275b.dir/CMakeCCompilerABI.c.o -lgcc --push-state --as-needed -lgcc_s --pop-state -lc -lgcc --push-state --as-needed -lgcc_s --pop-state /usr/lib/gcc/x86_64-linux-gnu/7/crtendS.o /usr/lib/gcc/x86_64-linux-gnu/7/../../../x86_64-linux-gnu/crtn.o
COLLECT_GCC_OPTIONS='-ffunction-sections' '-fdata-sections' '-fPIC' '-m64' '-v' '-rdynamic' '-o' 'cmTC_c275b' '-mtune=generic' '-march=x86-64'
make[1]: Leaving directory '/home/timon/Documents/git/amethyst-server/amethyst-server/target/debug/build/expat-sys-6ebe635931f582a6/out/build/CMakeFiles/CMakeTmp'


Parsed C implicit link information from above output:
  link line regex: [^( *|.*[/\])(ld|CMAKE_LINK_STARTFILE-NOTFOUND|([^/\]+-)?ld|collect2)[^/\]*( |$)]
  ignore line: [Change Dir: /home/timon/Documents/git/amethyst-server/amethyst-server/target/debug/build/expat-sys-6ebe635931f582a6/out/build/CMakeFiles/CMakeTmp]
  ignore line: []
  ignore line: [Run Build Command:"/usr/bin/make" "cmTC_c275b/fast"]
  ignore line: [/usr/bin/make -f CMakeFiles/cmTC_c275b.dir/build.make CMakeFiles/cmTC_c275b.dir/build]
  ignore line: [make[1]: Entering directory '/home/timon/Documents/git/amethyst-server/amethyst-server/target/debug/build/expat-sys-6ebe635931f582a6/out/build/CMakeFiles/CMakeTmp']
  ignore line: [Building C object CMakeFiles/cmTC_c275b.dir/CMakeCCompilerABI.c.o]
  ignore line: [/usr/bin/cc   -ffunction-sections -fdata-sections -fPIC -m64    -o CMakeFiles/cmTC_c275b.dir/CMakeCCompilerABI.c.o   -c /usr/share/cmake-3.10/Modules/CMakeCCompilerABI.c]
  ignore line: [Linking C executable cmTC_c275b]
  ignore line: [/usr/bin/cmake -E cmake_link_script CMakeFiles/cmTC_c275b.dir/link.txt --verbose=1]
  ignore line: [/usr/bin/cc  -ffunction-sections -fdata-sections -fPIC -m64    -v -rdynamic CMakeFiles/cmTC_c275b.dir/CMakeCCompilerABI.c.o  -o cmTC_c275b ]
  ignore line: [Using built-in specs.]
  ignore line: [COLLECT_GCC=/usr/bin/cc]
  ignore line: [COLLECT_LTO_WRAPPER=/usr/lib/gcc/x86_64-linux-gnu/7/lto-wrapper]
  ignore line: [OFFLOAD_TARGET_NAMES=nvptx-none]
  ignore line: [OFFLOAD_TARGET_DEFAULT=1]
  ignore line: [Target: x86_64-linux-gnu]
  ignore line: [Configured with: ../src/configure -v --with-pkgversion='Ubuntu 7.3.0-27ubuntu1~18.04' --with-bugurl=file:///usr/share/doc/gcc-7/README.Bugs --enable-languages=c,ada,c++,go,brig,d,fortran,objc,obj-c++ --prefix=/usr --with-gcc-major-version-only --program-suffix=-7 --program-prefix=x86_64-linux-gnu- --enable-shared --enable-linker-build-id --libexecdir=/usr/lib --without-included-gettext --enable-threads=posix --libdir=/usr/lib --enable-nls --with-sysroot=/ --enable-clocale=gnu --enable-libstdcxx-debug --enable-libstdcxx-time=yes --with-default-libstdcxx-abi=new --enable-gnu-unique-object --disable-vtable-verify --enable-libmpx --enable-plugin --enable-default-pie --with-system-zlib --with-target-system-zlib --enable-objc-gc=auto --enable-multiarch --disable-werror --with-arch-32=i686 --with-abi=m64 --with-multilib-list=m32,m64,mx32 --enable-multilib --with-tune=generic --enable-offload-targets=nvptx-none --without-cuda-driver --enable-checking=release --build=x86_64-linux-gnu --host=x86_64-linux-gnu --target=x86_64-linux-gnu]
  ignore line: [Thread model: posix]
  ignore line: [gcc version 7.3.0 (Ubuntu 7.3.0-27ubuntu1~18.04) ]
  ignore line: [COMPILER_PATH=/usr/lib/gcc/x86_64-linux-gnu/7/:/usr/lib/gcc/x86_64-linux-gnu/7/:/usr/lib/gcc/x86_64-linux-gnu/:/usr/lib/gcc/x86_64-linux-gnu/7/:/usr/lib/gcc/x86_64-linux-gnu/]
  ignore line: [LIBRARY_PATH=/usr/lib/gcc/x86_64-linux-gnu/7/:/usr/lib/gcc/x86_64-linux-gnu/7/../../../x86_64-linux-gnu/:/usr/lib/gcc/x86_64-linux-gnu/7/../../../../lib/:/lib/x86_64-linux-gnu/:/lib/../lib/:/usr/lib/x86_64-linux-gnu/:/usr/lib/../lib/:/usr/lib/gcc/x86_64-linux-gnu/7/../../../:/lib/:/usr/lib/]
  ignore line: [COLLECT_GCC_OPTIONS='-ffunction-sections' '-fdata-sections' '-fPIC' '-m64' '-v' '-rdynamic' '-o' 'cmTC_c275b' '-mtune=generic' '-march=x86-64']
  link line: [ /usr/lib/gcc/x86_64-linux-gnu/7/collect2 -plugin /usr/lib/gcc/x86_64-linux-gnu/7/liblto_plugin.so -plugin-opt=/usr/lib/gcc/x86_64-linux-gnu/7/lto-wrapper -plugin-opt=-fresolution=/tmp/ccqz8k2e.res -plugin-opt=-pass-through=-lgcc -plugin-opt=-pass-through=-lgcc_s -plugin-opt=-pass-through=-lc -plugin-opt=-pass-through=-lgcc -plugin-opt=-pass-through=-lgcc_s --sysroot=/ --build-id --eh-frame-hdr -m elf_x86_64 --hash-style=gnu --as-needed -export-dynamic -dynamic-linker /lib64/ld-linux-x86-64.so.2 -pie -z now -z relro -o cmTC_c275b /usr/lib/gcc/x86_64-linux-gnu/7/../../../x86_64-linux-gnu/Scrt1.o /usr/lib/gcc/x86_64-linux-gnu/7/../../../x86_64-linux-gnu/crti.o /usr/lib/gcc/x86_64-linux-gnu/7/crtbeginS.o -L/usr/lib/gcc/x86_64-linux-gnu/7 -L/usr/lib/gcc/x86_64-linux-gnu/7/../../../x86_64-linux-gnu -L/usr/lib/gcc/x86_64-linux-gnu/7/../../../../lib -L/lib/x86_64-linux-gnu -L/lib/../lib -L/usr/lib/x86_64-linux-gnu -L/usr/lib/../lib -L/usr/lib/gcc/x86_64-linux-gnu/7/../../.. CMakeFiles/cmTC_c275b.dir/CMakeCCompilerABI.c.o -lgcc --push-state --as-needed -lgcc_s --pop-state -lc -lgcc --push-state --as-needed -lgcc_s --pop-state /usr/lib/gcc/x86_64-linux-gnu/7/crtendS.o /usr/lib/gcc/x86_64-linux-gnu/7/../../../x86_64-linux-gnu/crtn.o]
    arg [/usr/lib/gcc/x86_64-linux-gnu/7/collect2] ==> ignore
    arg [-plugin] ==> ignore
    arg [/usr/lib/gcc/x86_64-linux-gnu/7/liblto_plugin.so] ==> ignore
    arg [-plugin-opt=/usr/lib/gcc/x86_64-linux-gnu/7/lto-wrapper] ==> ignore
    arg [-plugin-opt=-fresolution=/tmp/ccqz8k2e.res] ==> ignore
    arg [-plugin-opt=-pass-through=-lgcc] ==> ignore
    arg [-plugin-opt=-pass-through=-lgcc_s] ==> ignore
    arg [-plugin-opt=-pass-through=-lc] ==> ignore
    arg [-plugin-opt=-pass-through=-lgcc] ==> ignore
    arg [-plugin-opt=-pass-through=-lgcc_s] ==> ignore
    arg [--sysroot=/] ==> ignore
    arg [--build-id] ==> ignore
    arg [--eh-frame-hdr] ==> ignore
    arg [-m] ==> ignore
    arg [elf_x86_64] ==> ignore
    arg [--hash-style=gnu] ==> ignore
    arg [--as-needed] ==> ignore
    arg [-export-dynamic] ==> ignore
    arg [-dynamic-linker] ==> ignore
    arg [/lib64/ld-linux-x86-64.so.2] ==> ignore
    arg [-pie] ==> ignore
    arg [-znow] ==> ignore
    arg [-zrelro] ==> ignore
    arg [-o] ==> ignore
    arg [cmTC_c275b] ==> ignore
    arg [/usr/lib/gcc/x86_64-linux-gnu/7/../../../x86_64-linux-gnu/Scrt1.o] ==> ignore
    arg [/usr/lib/gcc/x86_64-linux-gnu/7/../../../x86_64-linux-gnu/crti.o] ==> ignore
    arg [/usr/lib/gcc/x86_64-linux-gnu/7/crtbeginS.o] ==> ignore
    arg [-L/usr/lib/gcc/x86_64-linux-gnu/7] ==> dir [/usr/lib/gcc/x86_64-linux-gnu/7]
    arg [-L/usr/lib/gcc/x86_64-linux-gnu/7/../../../x86_64-linux-gnu] ==> dir [/usr/lib/gcc/x86_64-linux-gnu/7/../../../x86_64-linux-gnu]
    arg [-L/usr/lib/gcc/x86_64-linux-gnu/7/../../../../lib] ==> dir [/usr/lib/gcc/x86_64-linux-gnu/7/../../../../lib]
    arg [-L/lib/x86_64-linux-gnu] ==> dir [/lib/x86_64-linux-gnu]
    arg [-L/lib/../lib] ==> dir [/lib/../lib]
    arg [-L/usr/lib/x86_64-linux-gnu] ==> dir [/usr/lib/x86_64-linux-gnu]
    arg [-L/usr/lib/../lib] ==> dir [/usr/lib/../lib]
    arg [-L/usr/lib/gcc/x86_64-linux-gnu/7/../../..] ==> dir [/usr/lib/gcc/x86_64-linux-gnu/7/../../..]
    arg [CMakeFiles/cmTC_c275b.dir/CMakeCCompilerABI.c.o] ==> ignore
    arg [-lgcc] ==> lib [gcc]
    arg [--push-state] ==> ignore
    arg [--as-needed] ==> ignore
    arg [-lgcc_s] ==> lib [gcc_s]
    arg [--pop-state] ==> ignore
    arg [-lc] ==> lib [c]
    arg [-lgcc] ==> lib [gcc]
    arg [--push-state] ==> ignore
    arg [--as-needed] ==> ignore
    arg [-lgcc_s] ==> lib [gcc_s]
    arg [--pop-state] ==> ignore
    arg [/usr/lib/gcc/x86_64-linux-gnu/7/crtendS.o] ==> ignore
    arg [/usr/lib/gcc/x86_64-linux-gnu/7/../../../x86_64-linux-gnu/crtn.o] ==> ignore
  collapse library dir [/usr/lib/gcc/x86_64-linux-gnu/7] ==> [/usr/lib/gcc/x86_64-linux-gnu/7]
  collapse library dir [/usr/lib/gcc/x86_64-linux-gnu/7/../../../x86_64-linux-gnu] ==> [/usr/lib/x86_64-linux-gnu]
  collapse library dir [/usr/lib/gcc/x86_64-linux-gnu/7/../../../../lib] ==> [/usr/lib]
  collapse library dir [/lib/x86_64-linux-gnu] ==> [/lib/x86_64-linux-gnu]
  collapse library dir [/lib/../lib] ==> [/lib]
  collapse library dir [/usr/lib/x86_64-linux-gnu] ==> [/usr/lib/x86_64-linux-gnu]
  collapse library dir [/usr/lib/../lib] ==> [/usr/lib]
  collapse library dir [/usr/lib/gcc/x86_64-linux-gnu/7/../../..] ==> [/usr/lib]
  implicit libs: [gcc;gcc_s;c;gcc;gcc_s]
  implicit dirs: [/usr/lib/gcc/x86_64-linux-gnu/7;/usr/lib/x86_64-linux-gnu;/usr/lib;/lib/x86_64-linux-gnu;/lib]
  implicit fwks: []




Detecting C [-std=c11] compiler features compiled with the following output:
Change Dir: /home/timon/Documents/git/amethyst-server/amethyst-server/target/debug/build/expat-sys-6ebe635931f582a6/out/build/CMakeFiles/CMakeTmp

Run Build Command:"/usr/bin/make" "cmTC_3ed7b/fast"
/usr/bin/make -f CMakeFiles/cmTC_3ed7b.dir/build.make CMakeFiles/cmTC_3ed7b.dir/build
make[1]: Entering directory '/home/timon/Documents/git/amethyst-server/amethyst-server/target/debug/build/expat-sys-6ebe635931f582a6/out/build/CMakeFiles/CMakeTmp'
Building C object CMakeFiles/cmTC_3ed7b.dir/feature_tests.c.o
/usr/bin/cc   -ffunction-sections -fdata-sections -fPIC -m64    -std=c11 -o CMakeFiles/cmTC_3ed7b.dir/feature_tests.c.o   -c /home/timon/Documents/git/amethyst-server/amethyst-server/target/debug/build/expat-sys-6ebe635931f582a6/out/build/CMakeFiles/feature_tests.c
Linking C executable cmTC_3ed7b
/usr/bin/cmake -E cmake_link_script CMakeFiles/cmTC_3ed7b.dir/link.txt --verbose=1
/usr/bin/cc  -ffunction-sections -fdata-sections -fPIC -m64     -rdynamic CMakeFiles/cmTC_3ed7b.dir/feature_tests.c.o  -o cmTC_3ed7b 
make[1]: Leaving directory '/home/timon/Documents/git/amethyst-server/amethyst-server/target/debug/build/expat-sys-6ebe635931f582a6/out/build/CMakeFiles/CMakeTmp'


    Feature record: C_FEATURE:1c_function_prototypes
    Feature record: C_FEATURE:1c_restrict
    Feature record: C_FEATURE:1c_static_assert
    Feature record: C_FEATURE:1c_variadic_macros


Detecting C [-std=c99] compiler features compiled with the following output:
Change Dir: /home/timon/Documents/git/amethyst-server/amethyst-server/target/debug/build/expat-sys-6ebe635931f582a6/out/build/CMakeFiles/CMakeTmp

Run Build Command:"/usr/bin/make" "cmTC_5da59/fast"
/usr/bin/make -f CMakeFiles/cmTC_5da59.dir/build.make CMakeFiles/cmTC_5da59.dir/build
make[1]: Entering directory '/home/timon/Documents/git/amethyst-server/amethyst-server/target/debug/build/expat-sys-6ebe635931f582a6/out/build/CMakeFiles/CMakeTmp'
Building C object CMakeFiles/cmTC_5da59.dir/feature_tests.c.o
/usr/bin/cc   -ffunction-sections -fdata-sections -fPIC -m64    -std=c99 -o CMakeFiles/cmTC_5da59.dir/feature_tests.c.o   -c /home/timon/Documents/git/amethyst-server/amethyst-server/target/debug/build/expat-sys-6ebe635931f582a6/out/build/CMakeFiles/feature_tests.c
Linking C executable cmTC_5da59
/usr/bin/cmake -E cmake_link_script CMakeFiles/cmTC_5da59.dir/link.txt --verbose=1
/usr/bin/cc  -ffunction-sections -fdata-sections -fPIC -m64     -rdynamic CMakeFiles/cmTC_5da59.dir/feature_tests.c.o  -o cmTC_5da59 
make[1]: Leaving directory '/home/timon/Documents/git/amethyst-server/amethyst-server/target/debug/build/expat-sys-6ebe635931f582a6/out/build/CMakeFiles/CMakeTmp'


    Feature record: C_FEATURE:1c_function_prototypes
    Feature record: C_FEATURE:1c_restrict
    Feature record: C_FEATURE:0c_static_assert
    Feature record: C_FEATURE:1c_variadic_macros


Detecting C [-std=c90] compiler features compiled with the following output:
Change Dir: /home/timon/Documents/git/amethyst-server/amethyst-server/target/debug/build/expat-sys-6ebe635931f582a6/out/build/CMakeFiles/CMakeTmp

Run Build Command:"/usr/bin/make" "cmTC_945d4/fast"
/usr/bin/make -f CMakeFiles/cmTC_945d4.dir/build.make CMakeFiles/cmTC_945d4.dir/build
make[1]: Entering directory '/home/timon/Documents/git/amethyst-server/amethyst-server/target/debug/build/expat-sys-6ebe635931f582a6/out/build/CMakeFiles/CMakeTmp'
Building C object CMakeFiles/cmTC_945d4.dir/feature_tests.c.o
/usr/bin/cc   -ffunction-sections -fdata-sections -fPIC -m64    -std=c90 -o CMakeFiles/cmTC_945d4.dir/feature_tests.c.o   -c /home/timon/Documents/git/amethyst-server/amethyst-server/target/debug/build/expat-sys-6ebe635931f582a6/out/build/CMakeFiles/feature_tests.c
Linking C executable cmTC_945d4
/usr/bin/cmake -E cmake_link_script CMakeFiles/cmTC_945d4.dir/link.txt --verbose=1
/usr/bin/cc  -ffunction-sections -fdata-sections -fPIC -m64     -rdynamic CMakeFiles/cmTC_945d4.dir/feature_tests.c.o  -o cmTC_945d4 
make[1]: Leaving directory '/home/timon/Documents/git/amethyst-server/amethyst-server/target/debug/build/expat-sys-6ebe635931f582a6/out/build/CMakeFiles/CMakeTmp'


    Feature record: C_FEATURE:1c_function_prototypes
    Feature record: C_FEATURE:0c_restrict
    Feature record: C_FEATURE:0c_static_assert
    Feature record: C_FEATURE:0c_variadic_macros
Compiling the CXX compiler identification source file "CMakeCXXCompilerId.cpp" succeeded.
Compiler: /usr/bin/c++ 
Build flags: ;-ffunction-sections;-fdata-sections;-fPIC;-m64
Id flags:  

The output was:
0


Compilation of the CXX compiler identification source "CMakeCXXCompilerId.cpp" produced "a.out"

The CXX compiler identification is GNU, found in "/home/timon/Documents/git/amethyst-server/amethyst-server/target/debug/build/expat-sys-6ebe635931f582a6/out/build/CMakeFiles/3.10.2/CompilerIdCXX/a.out"

Determining if the CXX compiler works passed with the following output:
Change Dir: /home/timon/Documents/git/amethyst-server/amethyst-server/target/debug/build/expat-sys-6ebe635931f582a6/out/build/CMakeFiles/CMakeTmp

Run Build Command:"/usr/bin/make" "cmTC_c6975/fast"
/usr/bin/make -f CMakeFiles/cmTC_c6975.dir/build.make CMakeFiles/cmTC_c6975.dir/build
make[1]: Entering directory '/home/timon/Documents/git/amethyst-server/amethyst-server/target/debug/build/expat-sys-6ebe635931f582a6/out/build/CMakeFiles/CMakeTmp'
Building CXX object CMakeFiles/cmTC_c6975.dir/testCXXCompiler.cxx.o
/usr/bin/c++    -ffunction-sections -fdata-sections -fPIC -m64    -o CMakeFiles/cmTC_c6975.dir/testCXXCompiler.cxx.o -c /home/timon/Documents/git/amethyst-server/amethyst-server/target/debug/build/expat-sys-6ebe635931f582a6/out/build/CMakeFiles/CMakeTmp/testCXXCompiler.cxx
Linking CXX executable cmTC_c6975
/usr/bin/cmake -E cmake_link_script CMakeFiles/cmTC_c6975.dir/link.txt --verbose=1
/usr/bin/c++   -ffunction-sections -fdata-sections -fPIC -m64     -rdynamic CMakeFiles/cmTC_c6975.dir/testCXXCompiler.cxx.o  -o cmTC_c6975 
make[1]: Leaving directory '/home/timon/Documents/git/amethyst-server/amethyst-server/target/debug/build/expat-sys-6ebe635931f582a6/out/build/CMakeFiles/CMakeTmp'


Detecting CXX compiler ABI info compiled with the following output:
Change Dir: /home/timon/Documents/git/amethyst-server/amethyst-server/target/debug/build/expat-sys-6ebe635931f582a6/out/build/CMakeFiles/CMakeTmp

Run Build Command:"/usr/bin/make" "cmTC_c2cc8/fast"
/usr/bin/make -f CMakeFiles/cmTC_c2cc8.dir/build.make CMakeFiles/cmTC_c2cc8.dir/build
make[1]: Entering directory '/home/timon/Documents/git/amethyst-server/amethyst-server/target/debug/build/expat-sys-6ebe635931f582a6/out/build/CMakeFiles/CMakeTmp'
Building CXX object CMakeFiles/cmTC_c2cc8.dir/CMakeCXXCompilerABI.cpp.o
/usr/bin/c++    -ffunction-sections -fdata-sections -fPIC -m64    -o CMakeFiles/cmTC_c2cc8.dir/CMakeCXXCompilerABI.cpp.o -c /usr/share/cmake-3.10/Modules/CMakeCXXCompilerABI.cpp
Linking CXX executable cmTC_c2cc8
/usr/bin/cmake -E cmake_link_script CMakeFiles/cmTC_c2cc8.dir/link.txt --verbose=1
/usr/bin/c++   -ffunction-sections -fdata-sections -fPIC -m64    -v -rdynamic CMakeFiles/cmTC_c2cc8.dir/CMakeCXXCompilerABI.cpp.o  -o cmTC_c2cc8 
Using built-in specs.
COLLECT_GCC=/usr/bin/c++
COLLECT_LTO_WRAPPER=/usr/lib/gcc/x86_64-linux-gnu/7/lto-wrapper
OFFLOAD_TARGET_NAMES=nvptx-none
OFFLOAD_TARGET_DEFAULT=1
Target: x86_64-linux-gnu
Configured with: ../src/configure -v --with-pkgversion='Ubuntu 7.3.0-27ubuntu1~18.04' --with-bugurl=file:///usr/share/doc/gcc-7/README.Bugs --enable-languages=c,ada,c++,go,brig,d,fortran,objc,obj-c++ --prefix=/usr --with-gcc-major-version-only --program-suffix=-7 --program-prefix=x86_64-linux-gnu- --enable-shared --enable-linker-build-id --libexecdir=/usr/lib --without-included-gettext --enable-threads=posix --libdir=/usr/lib --enable-nls --with-sysroot=/ --enable-clocale=gnu --enable-libstdcxx-debug --enable-libstdcxx-time=yes --with-default-libstdcxx-abi=new --enable-gnu-unique-object --disable-vtable-verify --enable-libmpx --enable-plugin --enable-default-pie --with-system-zlib --with-target-system-zlib --enable-objc-gc=auto --enable-multiarch --disable-werror --with-arch-32=i686 --with-abi=m64 --with-multilib-list=m32,m64,mx32 --enable-multilib --with-tune=generic --enable-offload-targets=nvptx-none --without-cuda-driver --enable-checking=release --build=x86_64-linux-gnu --host=x86_64-linux-gnu --target=x86_64-linux-gnu
Thread model: posix
gcc version 7.3.0 (Ubuntu 7.3.0-27ubuntu1~18.04) 
COMPILER_PATH=/usr/lib/gcc/x86_64-linux-gnu/7/:/usr/lib/gcc/x86_64-linux-gnu/7/:/usr/lib/gcc/x86_64-linux-gnu/:/usr/lib/gcc/x86_64-linux-gnu/7/:/usr/lib/gcc/x86_64-linux-gnu/
LIBRARY_PATH=/usr/lib/gcc/x86_64-linux-gnu/7/:/usr/lib/gcc/x86_64-linux-gnu/7/../../../x86_64-linux-gnu/:/usr/lib/gcc/x86_64-linux-gnu/7/../../../../lib/:/lib/x86_64-linux-gnu/:/lib/../lib/:/usr/lib/x86_64-linux-gnu/:/usr/lib/../lib/:/usr/lib/gcc/x86_64-linux-gnu/7/../../../:/lib/:/usr/lib/
COLLECT_GCC_OPTIONS='-ffunction-sections' '-fdata-sections' '-fPIC' '-m64' '-v' '-rdynamic' '-o' 'cmTC_c2cc8' '-shared-libgcc' '-mtune=generic' '-march=x86-64'
 /usr/lib/gcc/x86_64-linux-gnu/7/collect2 -plugin /usr/lib/gcc/x86_64-linux-gnu/7/liblto_plugin.so -plugin-opt=/usr/lib/gcc/x86_64-linux-gnu/7/lto-wrapper -plugin-opt=-fresolution=/tmp/ccHT1YP9.res -plugin-opt=-pass-through=-lgcc_s -plugin-opt=-pass-through=-lgcc -plugin-opt=-pass-through=-lc -plugin-opt=-pass-through=-lgcc_s -plugin-opt=-pass-through=-lgcc --sysroot=/ --build-id --eh-frame-hdr -m elf_x86_64 --hash-style=gnu --as-needed -export-dynamic -dynamic-linker /lib64/ld-linux-x86-64.so.2 -pie -z now -z relro -o cmTC_c2cc8 /usr/lib/gcc/x86_64-linux-gnu/7/../../../x86_64-linux-gnu/Scrt1.o /usr/lib/gcc/x86_64-linux-gnu/7/../../../x86_64-linux-gnu/crti.o /usr/lib/gcc/x86_64-linux-gnu/7/crtbeginS.o -L/usr/lib/gcc/x86_64-linux-gnu/7 -L/usr/lib/gcc/x86_64-linux-gnu/7/../../../x86_64-linux-gnu -L/usr/lib/gcc/x86_64-linux-gnu/7/../../../../lib -L/lib/x86_64-linux-gnu -L/lib/../lib -L/usr/lib/x86_64-linux-gnu -L/usr/lib/../lib -L/usr/lib/gcc/x86_64-linux-gnu/7/../../.. CMakeFiles/cmTC_c2cc8.dir/CMakeCXXCompilerABI.cpp.o -lstdc++ -lm -lgcc_s -lgcc -lc -lgcc_s -lgcc /usr/lib/gcc/x86_64-linux-gnu/7/crtendS.o /usr/lib/gcc/x86_64-linux-gnu/7/../../../x86_64-linux-gnu/crtn.o
COLLECT_GCC_OPTIONS='-ffunction-sections' '-fdata-sections' '-fPIC' '-m64' '-v' '-rdynamic' '-o' 'cmTC_c2cc8' '-shared-libgcc' '-mtune=generic' '-march=x86-64'
make[1]: Leaving directory '/home/timon/Documents/git/amethyst-server/amethyst-server/target/debug/build/expat-sys-6ebe635931f582a6/out/build/CMakeFiles/CMakeTmp'


Parsed CXX implicit link information from above output:
  link line regex: [^( *|.*[/\])(ld|CMAKE_LINK_STARTFILE-NOTFOUND|([^/\]+-)?ld|collect2)[^/\]*( |$)]
  ignore line: [Change Dir: /home/timon/Documents/git/amethyst-server/amethyst-server/target/debug/build/expat-sys-6ebe635931f582a6/out/build/CMakeFiles/CMakeTmp]
  ignore line: []
  ignore line: [Run Build Command:"/usr/bin/make" "cmTC_c2cc8/fast"]
  ignore line: [/usr/bin/make -f CMakeFiles/cmTC_c2cc8.dir/build.make CMakeFiles/cmTC_c2cc8.dir/build]
  ignore line: [make[1]: Entering directory '/home/timon/Documents/git/amethyst-server/amethyst-server/target/debug/build/expat-sys-6ebe635931f582a6/out/build/CMakeFiles/CMakeTmp']
  ignore line: [Building CXX object CMakeFiles/cmTC_c2cc8.dir/CMakeCXXCompilerABI.cpp.o]
  ignore line: [/usr/bin/c++    -ffunction-sections -fdata-sections -fPIC -m64    -o CMakeFiles/cmTC_c2cc8.dir/CMakeCXXCompilerABI.cpp.o -c /usr/share/cmake-3.10/Modules/CMakeCXXCompilerABI.cpp]
  ignore line: [Linking CXX executable cmTC_c2cc8]
  ignore line: [/usr/bin/cmake -E cmake_link_script CMakeFiles/cmTC_c2cc8.dir/link.txt --verbose=1]
  ignore line: [/usr/bin/c++   -ffunction-sections -fdata-sections -fPIC -m64    -v -rdynamic CMakeFiles/cmTC_c2cc8.dir/CMakeCXXCompilerABI.cpp.o  -o cmTC_c2cc8 ]
  ignore line: [Using built-in specs.]
  ignore line: [COLLECT_GCC=/usr/bin/c++]
  ignore line: [COLLECT_LTO_WRAPPER=/usr/lib/gcc/x86_64-linux-gnu/7/lto-wrapper]
  ignore line: [OFFLOAD_TARGET_NAMES=nvptx-none]
  ignore line: [OFFLOAD_TARGET_DEFAULT=1]
  ignore line: [Target: x86_64-linux-gnu]
  ignore line: [Configured with: ../src/configure -v --with-pkgversion='Ubuntu 7.3.0-27ubuntu1~18.04' --with-bugurl=file:///usr/share/doc/gcc-7/README.Bugs --enable-languages=c,ada,c++,go,brig,d,fortran,objc,obj-c++ --prefix=/usr --with-gcc-major-version-only --program-suffix=-7 --program-prefix=x86_64-linux-gnu- --enable-shared --enable-linker-build-id --libexecdir=/usr/lib --without-included-gettext --enable-threads=posix --libdir=/usr/lib --enable-nls --with-sysroot=/ --enable-clocale=gnu --enable-libstdcxx-debug --enable-libstdcxx-time=yes --with-default-libstdcxx-abi=new --enable-gnu-unique-object --disable-vtable-verify --enable-libmpx --enable-plugin --enable-default-pie --with-system-zlib --with-target-system-zlib --enable-objc-gc=auto --enable-multiarch --disable-werror --with-arch-32=i686 --with-abi=m64 --with-multilib-list=m32,m64,mx32 --enable-multilib --with-tune=generic --enable-offload-targets=nvptx-none --without-cuda-driver --enable-checking=release --build=x86_64-linux-gnu --host=x86_64-linux-gnu --target=x86_64-linux-gnu]
  ignore line: [Thread model: posix]
  ignore line: [gcc version 7.3.0 (Ubuntu 7.3.0-27ubuntu1~18.04) ]
  ignore line: [COMPILER_PATH=/usr/lib/gcc/x86_64-linux-gnu/7/:/usr/lib/gcc/x86_64-linux-gnu/7/:/usr/lib/gcc/x86_64-linux-gnu/:/usr/lib/gcc/x86_64-linux-gnu/7/:/usr/lib/gcc/x86_64-linux-gnu/]
  ignore line: [LIBRARY_PATH=/usr/lib/gcc/x86_64-linux-gnu/7/:/usr/lib/gcc/x86_64-linux-gnu/7/../../../x86_64-linux-gnu/:/usr/lib/gcc/x86_64-linux-gnu/7/../../../../lib/:/lib/x86_64-linux-gnu/:/lib/../lib/:/usr/lib/x86_64-linux-gnu/:/usr/lib/../lib/:/usr/lib/gcc/x86_64-linux-gnu/7/../../../:/lib/:/usr/lib/]
  ignore line: [COLLECT_GCC_OPTIONS='-ffunction-sections' '-fdata-sections' '-fPIC' '-m64' '-v' '-rdynamic' '-o' 'cmTC_c2cc8' '-shared-libgcc' '-mtune=generic' '-march=x86-64']
  link line: [ /usr/lib/gcc/x86_64-linux-gnu/7/collect2 -plugin /usr/lib/gcc/x86_64-linux-gnu/7/liblto_plugin.so -plugin-opt=/usr/lib/gcc/x86_64-linux-gnu/7/lto-wrapper -plugin-opt=-fresolution=/tmp/ccHT1YP9.res -plugin-opt=-pass-through=-lgcc_s -plugin-opt=-pass-through=-lgcc -plugin-opt=-pass-through=-lc -plugin-opt=-pass-through=-lgcc_s -plugin-opt=-pass-through=-lgcc --sysroot=/ --build-id --eh-frame-hdr -m elf_x86_64 --hash-style=gnu --as-needed -export-dynamic -dynamic-linker /lib64/ld-linux-x86-64.so.2 -pie -z now -z relro -o cmTC_c2cc8 /usr/lib/gcc/x86_64-linux-gnu/7/../../../x86_64-linux-gnu/Scrt1.o /usr/lib/gcc/x86_64-linux-gnu/7/../../../x86_64-linux-gnu/crti.o /usr/lib/gcc/x86_64-linux-gnu/7/crtbeginS.o -L/usr/lib/gcc/x86_64-linux-gnu/7 -L/usr/lib/gcc/x86_64-linux-gnu/7/../../../x86_64-linux-gnu -L/usr/lib/gcc/x86_64-linux-gnu/7/../../../../lib -L/lib/x86_64-linux-gnu -L/lib/../lib -L/usr/lib/x86_64-linux-gnu -L/usr/lib/../lib -L/usr/lib/gcc/x86_64-linux-gnu/7/../../.. CMakeFiles/cmTC_c2cc8.dir/CMakeCXXCompilerABI.cpp.o -lstdc++ -lm -lgcc_s -lgcc -lc -lgcc_s -lgcc /usr/lib/gcc/x86_64-linux-gnu/7/crtendS.o /usr/lib/gcc/x86_64-linux-gnu/7/../../../x86_64-linux-gnu/crtn.o]
    arg [/usr/lib/gcc/x86_64-linux-gnu/7/collect2] ==> ignore
    arg [-plugin] ==> ignore
    arg [/usr/lib/gcc/x86_64-linux-gnu/7/liblto_plugin.so] ==> ignore
    arg [-plugin-opt=/usr/lib/gcc/x86_64-linux-gnu/7/lto-wrapper] ==> ignore
    arg [-plugin-opt=-fresolution=/tmp/ccHT1YP9.res] ==> ignore
    arg [-plugin-opt=-pass-through=-lgcc_s] ==> ignore
    arg [-plugin-opt=-pass-through=-lgcc] ==> ignore
    arg [-plugin-opt=-pass-through=-lc] ==> ignore
    arg [-plugin-opt=-pass-through=-lgcc_s] ==> ignore
    arg [-plugin-opt=-pass-through=-lgcc] ==> ignore
    arg [--sysroot=/] ==> ignore
    arg [--build-id] ==> ignore
    arg [--eh-frame-hdr] ==> ignore
    arg [-m] ==> ignore
    arg [elf_x86_64] ==> ignore
    arg [--hash-style=gnu] ==> ignore
    arg [--as-needed] ==> ignore
    arg [-export-dynamic] ==> ignore
    arg [-dynamic-linker] ==> ignore
    arg [/lib64/ld-linux-x86-64.so.2] ==> ignore
    arg [-pie] ==> ignore
    arg [-znow] ==> ignore
    arg [-zrelro] ==> ignore
    arg [-o] ==> ignore
    arg [cmTC_c2cc8] ==> ignore
    arg [/usr/lib/gcc/x86_64-linux-gnu/7/../../../x86_64-linux-gnu/Scrt1.o] ==> ignore
    arg [/usr/lib/gcc/x86_64-linux-gnu/7/../../../x86_64-linux-gnu/crti.o] ==> ignore
    arg [/usr/lib/gcc/x86_64-linux-gnu/7/crtbeginS.o] ==> ignore
    arg [-L/usr/lib/gcc/x86_64-linux-gnu/7] ==> dir [/usr/lib/gcc/x86_64-linux-gnu/7]
    arg [-L/usr/lib/gcc/x86_64-linux-gnu/7/../../../x86_64-linux-gnu] ==> dir [/usr/lib/gcc/x86_64-linux-gnu/7/../../../x86_64-linux-gnu]
    arg [-L/usr/lib/gcc/x86_64-linux-gnu/7/../../../../lib] ==> dir [/usr/lib/gcc/x86_64-linux-gnu/7/../../../../lib]
    arg [-L/lib/x86_64-linux-gnu] ==> dir [/lib/x86_64-linux-gnu]
    arg [-L/lib/../lib] ==> dir [/lib/../lib]
    arg [-L/usr/lib/x86_64-linux-gnu] ==> dir [/usr/lib/x86_64-linux-gnu]
    arg [-L/usr/lib/../lib] ==> dir [/usr/lib/../lib]
    arg [-L/usr/lib/gcc/x86_64-linux-gnu/7/../../..] ==> dir [/usr/lib/gcc/x86_64-linux-gnu/7/../../..]
    arg [CMakeFiles/cmTC_c2cc8.dir/CMakeCXXCompilerABI.cpp.o] ==> ignore
    arg [-lstdc++] ==> lib [stdc++]
    arg [-lm] ==> lib [m]
    arg [-lgcc_s] ==> lib [gcc_s]
    arg [-lgcc] ==> lib [gcc]
    arg [-lc] ==> lib [c]
    arg [-lgcc_s] ==> lib [gcc_s]
    arg [-lgcc] ==> lib [gcc]
    arg [/usr/lib/gcc/x86_64-linux-gnu/7/crtendS.o] ==> ignore
    arg [/usr/lib/gcc/x86_64-linux-gnu/7/../../../x86_64-linux-gnu/crtn.o] ==> ignore
  collapse library dir [/usr/lib/gcc/x86_64-linux-gnu/7] ==> [/usr/lib/gcc/x86_64-linux-gnu/7]
  collapse library dir [/usr/lib/gcc/x86_64-linux-gnu/7/../../../x86_64-linux-gnu] ==> [/usr/lib/x86_64-linux-gnu]
  collapse library dir [/usr/lib/gcc/x86_64-linux-gnu/7/../../../../lib] ==> [/usr/lib]
  collapse library dir [/lib/x86_64-linux-gnu] ==> [/lib/x86_64-linux-gnu]
  collapse library dir [/lib/../lib] ==> [/lib]
  collapse library dir [/usr/lib/x86_64-linux-gnu] ==> [/usr/lib/x86_64-linux-gnu]
  collapse library dir [/usr/lib/../lib] ==> [/usr/lib]
  collapse library dir [/usr/lib/gcc/x86_64-linux-gnu/7/../../..] ==> [/usr/lib]
  implicit libs: [stdc++;m;gcc_s;gcc;c;gcc_s;gcc]
  implicit dirs: [/usr/lib/gcc/x86_64-linux-gnu/7;/usr/lib/x86_64-linux-gnu;/usr/lib;/lib/x86_64-linux-gnu;/lib]
  implicit fwks: []




Detecting CXX [-std=c++1z] compiler features compiled with the following output:
Change Dir: /home/timon/Documents/git/amethyst-server/amethyst-server/target/debug/build/expat-sys-6ebe635931f582a6/out/build/CMakeFiles/CMakeTmp

Run Build Command:"/usr/bin/make" "cmTC_dd939/fast"
/usr/bin/make -f CMakeFiles/cmTC_dd939.dir/build.make CMakeFiles/cmTC_dd939.dir/build
make[1]: Entering directory '/home/timon/Documents/git/amethyst-server/amethyst-server/target/debug/build/expat-sys-6ebe635931f582a6/out/build/CMakeFiles/CMakeTmp'
Building CXX object CMakeFiles/cmTC_dd939.dir/feature_tests.cxx.o
/usr/bin/c++    -ffunction-sections -fdata-sections -fPIC -m64    -std=c++1z -o CMakeFiles/cmTC_dd939.dir/feature_tests.cxx.o -c /home/timon/Documents/git/amethyst-server/amethyst-server/target/debug/build/expat-sys-6ebe635931f582a6/out/build/CMakeFiles/feature_tests.cxx
Linking CXX executable cmTC_dd939
/usr/bin/cmake -E cmake_link_script CMakeFiles/cmTC_dd939.dir/link.txt --verbose=1
/usr/bin/c++   -ffunction-sections -fdata-sections -fPIC -m64     -rdynamic CMakeFiles/cmTC_dd939.dir/feature_tests.cxx.o  -o cmTC_dd939 
make[1]: Leaving directory '/home/timon/Documents/git/amethyst-server/amethyst-server/target/debug/build/expat-sys-6ebe635931f582a6/out/build/CMakeFiles/CMakeTmp'


    Feature record: CXX_FEATURE:1cxx_aggregate_default_initializers
    Feature record: CXX_FEATURE:1cxx_alias_templates
    Feature record: CXX_FEATURE:1cxx_alignas
    Feature record: CXX_FEATURE:1cxx_alignof
    Feature record: CXX_FEATURE:1cxx_attributes
    Feature record: CXX_FEATURE:1cxx_attribute_deprecated
    Feature record: CXX_FEATURE:1cxx_auto_type
    Feature record: CXX_FEATURE:1cxx_binary_literals
    Feature record: CXX_FEATURE:1cxx_constexpr
    Feature record: CXX_FEATURE:1cxx_contextual_conversions
    Feature record: CXX_FEATURE:1cxx_decltype
    Feature record: CXX_FEATURE:1cxx_decltype_auto
    Feature record: CXX_FEATURE:1cxx_decltype_incomplete_return_types
    Feature record: CXX_FEATURE:1cxx_default_function_template_args
    Feature record: CXX_FEATURE:1cxx_defaulted_functions
    Feature record: CXX_FEATURE:1cxx_defaulted_move_initializers
    Feature record: CXX_FEATURE:1cxx_delegating_constructors
    Feature record: CXX_FEATURE:1cxx_deleted_functions
    Feature record: CXX_FEATURE:1cxx_digit_separators
    Feature record: CXX_FEATURE:1cxx_enum_forward_declarations
    Feature record: CXX_FEATURE:1cxx_explicit_conversions
    Feature record: CXX_FEATURE:1cxx_extended_friend_declarations
    Feature record: CXX_FEATURE:1cxx_extern_templates
    Feature record: CXX_FEATURE:1cxx_final
    Feature record: CXX_FEATURE:1cxx_func_identifier
    Feature record: CXX_FEATURE:1cxx_generalized_initializers
    Feature record: CXX_FEATURE:1cxx_generic_lambdas
    Feature record: CXX_FEATURE:1cxx_inheriting_constructors
    Feature record: CXX_FEATURE:1cxx_inline_namespaces
    Feature record: CXX_FEATURE:1cxx_lambdas
    Feature record: CXX_FEATURE:1cxx_lambda_init_captures
    Feature record: CXX_FEATURE:1cxx_local_type_template_args
    Feature record: CXX_FEATURE:1cxx_long_long_type
    Feature record: CXX_FEATURE:1cxx_noexcept
    Feature record: CXX_FEATURE:1cxx_nonstatic_member_init
    Feature record: CXX_FEATURE:1cxx_nullptr
    Feature record: CXX_FEATURE:1cxx_override
    Feature record: CXX_FEATURE:1cxx_range_for
    Feature record: CXX_FEATURE:1cxx_raw_string_literals
    Feature record: CXX_FEATURE:1cxx_reference_qualified_functions
    Feature record: CXX_FEATURE:1cxx_relaxed_constexpr
    Feature record: CXX_FEATURE:1cxx_return_type_deduction
    Feature record: CXX_FEATURE:1cxx_right_angle_brackets
    Feature record: CXX_FEATURE:1cxx_rvalue_references
    Feature record: CXX_FEATURE:1cxx_sizeof_member
    Feature record: CXX_FEATURE:1cxx_static_assert
    Feature record: CXX_FEATURE:1cxx_strong_enums
    Feature record: CXX_FEATURE:1cxx_template_template_parameters
    Feature record: CXX_FEATURE:1cxx_thread_local
    Feature record: CXX_FEATURE:1cxx_trailing_return_types
    Feature record: CXX_FEATURE:1cxx_unicode_literals
    Feature record: CXX_FEATURE:1cxx_uniform_initialization
    Feature record: CXX_FEATURE:1cxx_unrestricted_unions
    Feature record: CXX_FEATURE:1cxx_user_literals
    Feature record: CXX_FEATURE:1cxx_variable_templates
    Feature record: CXX_FEATURE:1cxx_variadic_macros
    Feature record: CXX_FEATURE:1cxx_variadic_templates


Detecting CXX [-std=c++14] compiler features compiled with the following output:
Change Dir: /home/timon/Documents/git/amethyst-server/amethyst-server/target/debug/build/expat-sys-6ebe635931f582a6/out/build/CMakeFiles/CMakeTmp

Run Build Command:"/usr/bin/make" "cmTC_3a9f4/fast"
/usr/bin/make -f CMakeFiles/cmTC_3a9f4.dir/build.make CMakeFiles/cmTC_3a9f4.dir/build
make[1]: Entering directory '/home/timon/Documents/git/amethyst-server/amethyst-server/target/debug/build/expat-sys-6ebe635931f582a6/out/build/CMakeFiles/CMakeTmp'
Building CXX object CMakeFiles/cmTC_3a9f4.dir/feature_tests.cxx.o
/usr/bin/c++    -ffunction-sections -fdata-sections -fPIC -m64    -std=c++14 -o CMakeFiles/cmTC_3a9f4.dir/feature_tests.cxx.o -c /home/timon/Documents/git/amethyst-server/amethyst-server/target/debug/build/expat-sys-6ebe635931f582a6/out/build/CMakeFiles/feature_tests.cxx
Linking CXX executable cmTC_3a9f4
/usr/bin/cmake -E cmake_link_script CMakeFiles/cmTC_3a9f4.dir/link.txt --verbose=1
/usr/bin/c++   -ffunction-sections -fdata-sections -fPIC -m64     -rdynamic CMakeFiles/cmTC_3a9f4.dir/feature_tests.cxx.o  -o cmTC_3a9f4 
make[1]: Leaving directory '/home/timon/Documents/git/amethyst-server/amethyst-server/target/debug/build/expat-sys-6ebe635931f582a6/out/build/CMakeFiles/CMakeTmp'


    Feature record: CXX_FEATURE:1cxx_aggregate_default_initializers
    Feature record: CXX_FEATURE:1cxx_alias_templates
    Feature record: CXX_FEATURE:1cxx_alignas
    Feature record: CXX_FEATURE:1cxx_alignof
    Feature record: CXX_FEATURE:1cxx_attributes
    Feature record: CXX_FEATURE:1cxx_attribute_deprecated
    Feature record: CXX_FEATURE:1cxx_auto_type
    Feature record: CXX_FEATURE:1cxx_binary_literals
    Feature record: CXX_FEATURE:1cxx_constexpr
    Feature record: CXX_FEATURE:1cxx_contextual_conversions
    Feature record: CXX_FEATURE:1cxx_decltype
    Feature record: CXX_FEATURE:1cxx_decltype_auto
    Feature record: CXX_FEATURE:1cxx_decltype_incomplete_return_types
    Feature record: CXX_FEATURE:1cxx_default_function_template_args
    Feature record: CXX_FEATURE:1cxx_defaulted_functions
    Feature record: CXX_FEATURE:1cxx_defaulted_move_initializers
    Feature record: CXX_FEATURE:1cxx_delegating_constructors
    Feature record: CXX_FEATURE:1cxx_deleted_functions
    Feature record: CXX_FEATURE:1cxx_digit_separators
    Feature record: CXX_FEATURE:1cxx_enum_forward_declarations
    Feature record: CXX_FEATURE:1cxx_explicit_conversions
    Feature record: CXX_FEATURE:1cxx_extended_friend_declarations
    Feature record: CXX_FEATURE:1cxx_extern_templates
    Feature record: CXX_FEATURE:1cxx_final
    Feature record: CXX_FEATURE:1cxx_func_identifier
    Feature record: CXX_FEATURE:1cxx_generalized_initializers
    Feature record: CXX_FEATURE:1cxx_generic_lambdas
    Feature record: CXX_FEATURE:1cxx_inheriting_constructors
    Feature record: CXX_FEATURE:1cxx_inline_namespaces
    Feature record: CXX_FEATURE:1cxx_lambdas
    Feature record: CXX_FEATURE:1cxx_lambda_init_captures
    Feature record: CXX_FEATURE:1cxx_local_type_template_args
    Feature record: CXX_FEATURE:1cxx_long_long_type
    Feature record: CXX_FEATURE:1cxx_noexcept
    Feature record: CXX_FEATURE:1cxx_nonstatic_member_init
    Feature record: CXX_FEATURE:1cxx_nullptr
    Feature record: CXX_FEATURE:1cxx_override
    Feature record: CXX_FEATURE:1cxx_range_for
    Feature record: CXX_FEATURE:1cxx_raw_string_literals
    Feature record: CXX_FEATURE:1cxx_reference_qualified_functions
    Feature record: CXX_FEATURE:1cxx_relaxed_constexpr
    Feature record: CXX_FEATURE:1cxx_return_type_deduction
    Feature record: CXX_FEATURE:1cxx_right_angle_brackets
    Feature record: CXX_FEATURE:1cxx_rvalue_references
    Feature record: CXX_FEATURE:1cxx_sizeof_member
    Feature record: CXX_FEATURE:1cxx_static_assert
    Feature record: CXX_FEATURE:1cxx_strong_enums
    Feature record: CXX_FEATURE:1cxx_template_template_parameters
    Feature record: CXX_FEATURE:1cxx_thread_local
    Feature record: CXX_FEATURE:1cxx_trailing_return_types
    Feature record: CXX_FEATURE:1cxx_unicode_literals
    Feature record: CXX_FEATURE:1cxx_uniform_initialization
    Feature record: CXX_FEATURE:1cxx_unrestricted_unions
    Feature record: CXX_FEATURE:1cxx_user_literals
    Feature record: CXX_FEATURE:1cxx_variable_templates
    Feature record: CXX_FEATURE:1cxx_variadic_macros
    Feature record: CXX_FEATURE:1cxx_variadic_templates


Detecting CXX [-std=c++11] compiler features compiled with the following output:
Change Dir: /home/timon/Documents/git/amethyst-server/amethyst-server/target/debug/build/expat-sys-6ebe635931f582a6/out/build/CMakeFiles/CMakeTmp

Run Build Command:"/usr/bin/make" "cmTC_dd708/fast"
/usr/bin/make -f CMakeFiles/cmTC_dd708.dir/build.make CMakeFiles/cmTC_dd708.dir/build
make[1]: Entering directory '/home/timon/Documents/git/amethyst-server/amethyst-server/target/debug/build/expat-sys-6ebe635931f582a6/out/build/CMakeFiles/CMakeTmp'
Building CXX object CMakeFiles/cmTC_dd708.dir/feature_tests.cxx.o
/usr/bin/c++    -ffunction-sections -fdata-sections -fPIC -m64    -std=c++11 -o CMakeFiles/cmTC_dd708.dir/feature_tests.cxx.o -c /home/timon/Documents/git/amethyst-server/amethyst-server/target/debug/build/expat-sys-6ebe635931f582a6/out/build/CMakeFiles/feature_tests.cxx
Linking CXX executable cmTC_dd708
/usr/bin/cmake -E cmake_link_script CMakeFiles/cmTC_dd708.dir/link.txt --verbose=1
/usr/bin/c++   -ffunction-sections -fdata-sections -fPIC -m64     -rdynamic CMakeFiles/cmTC_dd708.dir/feature_tests.cxx.o  -o cmTC_dd708 
make[1]: Leaving directory '/home/timon/Documents/git/amethyst-server/amethyst-server/target/debug/build/expat-sys-6ebe635931f582a6/out/build/CMakeFiles/CMakeTmp'


    Feature record: CXX_FEATURE:0cxx_aggregate_default_initializers
    Feature record: CXX_FEATURE:1cxx_alias_templates
    Feature record: CXX_FEATURE:1cxx_alignas
    Feature record: CXX_FEATURE:1cxx_alignof
    Feature record: CXX_FEATURE:1cxx_attributes
    Feature record: CXX_FEATURE:0cxx_attribute_deprecated
    Feature record: CXX_FEATURE:1cxx_auto_type
    Feature record: CXX_FEATURE:0cxx_binary_literals
    Feature record: CXX_FEATURE:1cxx_constexpr
    Feature record: CXX_FEATURE:0cxx_contextual_conversions
    Feature record: CXX_FEATURE:1cxx_decltype
    Feature record: CXX_FEATURE:0cxx_decltype_auto
    Feature record: CXX_FEATURE:1cxx_decltype_incomplete_return_types
    Feature record: CXX_FEATURE:1cxx_default_function_template_args
    Feature record: CXX_FEATURE:1cxx_defaulted_functions
    Feature record: CXX_FEATURE:1cxx_defaulted_move_initializers
    Feature record: CXX_FEATURE:1cxx_delegating_constructors
    Feature record: CXX_FEATURE:1cxx_deleted_functions
    Feature record: CXX_FEATURE:0cxx_digit_separators
    Feature record: CXX_FEATURE:1cxx_enum_forward_declarations
    Feature record: CXX_FEATURE:1cxx_explicit_conversions
    Feature record: CXX_FEATURE:1cxx_extended_friend_declarations
    Feature record: CXX_FEATURE:1cxx_extern_templates
    Feature record: CXX_FEATURE:1cxx_final
    Feature record: CXX_FEATURE:1cxx_func_identifier
    Feature record: CXX_FEATURE:1cxx_generalized_initializers
    Feature record: CXX_FEATURE:0cxx_generic_lambdas
    Feature record: CXX_FEATURE:1cxx_inheriting_constructors
    Feature record: CXX_FEATURE:1cxx_inline_namespaces
    Feature record: CXX_FEATURE:1cxx_lambdas
    Feature record: CXX_FEATURE:0cxx_lambda_init_captures
    Feature record: CXX_FEATURE:1cxx_local_type_template_args
    Feature record: CXX_FEATURE:1cxx_long_long_type
    Feature record: CXX_FEATURE:1cxx_noexcept
    Feature record: CXX_FEATURE:1cxx_nonstatic_member_init
    Feature record: CXX_FEATURE:1cxx_nullptr
    Feature record: CXX_FEATURE:1cxx_override
    Feature record: CXX_FEATURE:1cxx_range_for
    Feature record: CXX_FEATURE:1cxx_raw_string_literals
    Feature record: CXX_FEATURE:1cxx_reference_qualified_functions
    Feature record: CXX_FEATURE:0cxx_relaxed_constexpr
    Feature record: CXX_FEATURE:0cxx_return_type_deduction
    Feature record: CXX_FEATURE:1cxx_right_angle_brackets
    Feature record: CXX_FEATURE:1cxx_rvalue_references
    Feature record: CXX_FEATURE:1cxx_sizeof_member
    Feature record: CXX_FEATURE:1cxx_static_assert
    Feature record: CXX_FEATURE:1cxx_strong_enums
    Feature record: CXX_FEATURE:1cxx_template_template_parameters
    Feature record: CXX_FEATURE:1cxx_thread_local
    Feature record: CXX_FEATURE:1cxx_trailing_return_types
    Feature record: CXX_FEATURE:1cxx_unicode_literals
    Feature record: CXX_FEATURE:1cxx_uniform_initialization
    Feature record: CXX_FEATURE:1cxx_unrestricted_unions
    Feature record: CXX_FEATURE:1cxx_user_literals
    Feature record: CXX_FEATURE:0cxx_variable_templates
    Feature record: CXX_FEATURE:1cxx_variadic_macros
    Feature record: CXX_FEATURE:1cxx_variadic_templates


Detecting CXX [-std=c++98] compiler features compiled with the following output:
Change Dir: /home/timon/Documents/git/amethyst-server/amethyst-server/target/debug/build/expat-sys-6ebe635931f582a6/out/build/CMakeFiles/CMakeTmp

Run Build Command:"/usr/bin/make" "cmTC_b28ae/fast"
/usr/bin/make -f CMakeFiles/cmTC_b28ae.dir/build.make CMakeFiles/cmTC_b28ae.dir/build
make[1]: Entering directory '/home/timon/Documents/git/amethyst-server/amethyst-server/target/debug/build/expat-sys-6ebe635931f582a6/out/build/CMakeFiles/CMakeTmp'
Building CXX object CMakeFiles/cmTC_b28ae.dir/feature_tests.cxx.o
/usr/bin/c++    -ffunction-sections -fdata-sections -fPIC -m64    -std=c++98 -o CMakeFiles/cmTC_b28ae.dir/feature_tests.cxx.o -c /home/timon/Documents/git/amethyst-server/amethyst-server/target/debug/build/expat-sys-6ebe635931f582a6/out/build/CMakeFiles/feature_tests.cxx
Linking CXX executable cmTC_b28ae
/usr/bin/cmake -E cmake_link_script CMakeFiles/cmTC_b28ae.dir/link.txt --verbose=1
/usr/bin/c++   -ffunction-sections -fdata-sections -fPIC -m64     -rdynamic CMakeFiles/cmTC_b28ae.dir/feature_tests.cxx.o  -o cmTC_b28ae 
make[1]: Leaving directory '/home/timon/Documents/git/amethyst-server/amethyst-server/target/debug/build/expat-sys-6ebe635931f582a6/out/build/CMakeFiles/CMakeTmp'


    Feature record: CXX_FEATURE:0cxx_aggregate_default_initializers
    Feature record: CXX_FEATURE:0cxx_alias_templates
    Feature record: CXX_FEATURE:0cxx_alignas
    Feature record: CXX_FEATURE:0cxx_alignof
    Feature record: CXX_FEATURE:0cxx_attributes
    Feature record: CXX_FEATURE:0cxx_attribute_deprecated
    Feature record: CXX_FEATURE:0cxx_auto_type
    Feature record: CXX_FEATURE:0cxx_binary_literals
    Feature record: CXX_FEATURE:0cxx_constexpr
    Feature record: CXX_FEATURE:0cxx_contextual_conversions
    Feature record: CXX_FEATURE:0cxx_decltype
    Feature record: CXX_FEATURE:0cxx_decltype_auto
    Feature record: CXX_FEATURE:0cxx_decltype_incomplete_return_types
    Feature record: CXX_FEATURE:0cxx_default_function_template_args
    Feature record: CXX_FEATURE:0cxx_defaulted_functions
    Feature record: CXX_FEATURE:0cxx_defaulted_move_initializers
    Feature record: CXX_FEATURE:0cxx_delegating_constructors
    Feature record: CXX_FEATURE:0cxx_deleted_functions
    Feature record: CXX_FEATURE:0cxx_digit_separators
    Feature record: CXX_FEATURE:0cxx_enum_forward_declarations
    Feature record: CXX_FEATURE:0cxx_explicit_conversions
    Feature record: CXX_FEATURE:0cxx_extended_friend_declarations
    Feature record: CXX_FEATURE:0cxx_extern_templates
    Feature record: CXX_FEATURE:0cxx_final
    Feature record: CXX_FEATURE:0cxx_func_identifier
    Feature record: CXX_FEATURE:0cxx_generalized_initializers
    Feature record: CXX_FEATURE:0cxx_generic_lambdas
    Feature record: CXX_FEATURE:0cxx_inheriting_constructors
    Feature record: CXX_FEATURE:0cxx_inline_namespaces
    Feature record: CXX_FEATURE:0cxx_lambdas
    Feature record: CXX_FEATURE:0cxx_lambda_init_captures
    Feature record: CXX_FEATURE:0cxx_local_type_template_args
    Feature record: CXX_FEATURE:0cxx_long_long_type
    Feature record: CXX_FEATURE:0cxx_noexcept
    Feature record: CXX_FEATURE:0cxx_nonstatic_member_init
    Feature record: CXX_FEATURE:0cxx_nullptr
    Feature record: CXX_FEATURE:0cxx_override
    Feature record: CXX_FEATURE:0cxx_range_for
    Feature record: CXX_FEATURE:0cxx_raw_string_literals
    Feature record: CXX_FEATURE:0cxx_reference_qualified_functions
    Feature record: CXX_FEATURE:0cxx_relaxed_constexpr
    Feature record: CXX_FEATURE:0cxx_return_type_deduction
    Feature record: CXX_FEATURE:0cxx_right_angle_brackets
    Feature record: CXX_FEATURE:0cxx_rvalue_references
    Feature record: CXX_FEATURE:0cxx_sizeof_member
    Feature record: CXX_FEATURE:0cxx_static_assert
    Feature record: CXX_FEATURE:0cxx_strong_enums
    Feature record: CXX_FEATURE:1cxx_template_template_parameters
    Feature record: CXX_FEATURE:0cxx_thread_local
    Feature record: CXX_FEATURE:0cxx_trailing_return_types
    Feature record: CXX_FEATURE:0cxx_unicode_literals
    Feature record: CXX_FEATURE:0cxx_uniform_initialization
    Feature record: CXX_FEATURE:0cxx_unrestricted_unions
    Feature record: CXX_FEATURE:0cxx_user_literals
    Feature record: CXX_FEATURE:0cxx_variable_templates
    Feature record: CXX_FEATURE:0cxx_variadic_macros
    Feature record: CXX_FEATURE:0cxx_variadic_templates
Determining if the include file dlfcn.h exists passed with the following output:
Change Dir: /home/timon/Documents/git/amethyst-server/amethyst-server/target/debug/build/expat-sys-6ebe635931f582a6/out/build/CMakeFiles/CMakeTmp

Run Build Command:"/usr/bin/make" "cmTC_c81e4/fast"
/usr/bin/make -f CMakeFiles/cmTC_c81e4.dir/build.make CMakeFiles/cmTC_c81e4.dir/build
make[1]: Entering directory '/home/timon/Documents/git/amethyst-server/amethyst-server/target/debug/build/expat-sys-6ebe635931f582a6/out/build/CMakeFiles/CMakeTmp'
Building C object CMakeFiles/cmTC_c81e4.dir/CheckIncludeFile.c.o
/usr/bin/cc   -ffunction-sections -fdata-sections -fPIC -m64    -o CMakeFiles/cmTC_c81e4.dir/CheckIncludeFile.c.o   -c /home/timon/Documents/git/amethyst-server/amethyst-server/target/debug/build/expat-sys-6ebe635931f582a6/out/build/CMakeFiles/CMakeTmp/CheckIncludeFile.c
Linking C executable cmTC_c81e4
/usr/bin/cmake -E cmake_link_script CMakeFiles/cmTC_c81e4.dir/link.txt --verbose=1
/usr/bin/cc  -ffunction-sections -fdata-sections -fPIC -m64     -rdynamic CMakeFiles/cmTC_c81e4.dir/CheckIncludeFile.c.o  -o cmTC_c81e4 
make[1]: Leaving directory '/home/timon/Documents/git/amethyst-server/amethyst-server/target/debug/build/expat-sys-6ebe635931f582a6/out/build/CMakeFiles/CMakeTmp'


Determining if the include file fcntl.h exists passed with the following output:
Change Dir: /home/timon/Documents/git/amethyst-server/amethyst-server/target/debug/build/expat-sys-6ebe635931f582a6/out/build/CMakeFiles/CMakeTmp

Run Build Command:"/usr/bin/make" "cmTC_63654/fast"
/usr/bin/make -f CMakeFiles/cmTC_63654.dir/build.make CMakeFiles/cmTC_63654.dir/build
make[1]: Entering directory '/home/timon/Documents/git/amethyst-server/amethyst-server/target/debug/build/expat-sys-6ebe635931f582a6/out/build/CMakeFiles/CMakeTmp'
Building C object CMakeFiles/cmTC_63654.dir/CheckIncludeFile.c.o
/usr/bin/cc   -ffunction-sections -fdata-sections -fPIC -m64    -o CMakeFiles/cmTC_63654.dir/CheckIncludeFile.c.o   -c /home/timon/Documents/git/amethyst-server/amethyst-server/target/debug/build/expat-sys-6ebe635931f582a6/out/build/CMakeFiles/CMakeTmp/CheckIncludeFile.c
Linking C executable cmTC_63654
/usr/bin/cmake -E cmake_link_script CMakeFiles/cmTC_63654.dir/link.txt --verbose=1
/usr/bin/cc  -ffunction-sections -fdata-sections -fPIC -m64     -rdynamic CMakeFiles/cmTC_63654.dir/CheckIncludeFile.c.o  -o cmTC_63654 
make[1]: Leaving directory '/home/timon/Documents/git/amethyst-server/amethyst-server/target/debug/build/expat-sys-6ebe635931f582a6/out/build/CMakeFiles/CMakeTmp'


Determining if the include file inttypes.h exists passed with the following output:
Change Dir: /home/timon/Documents/git/amethyst-server/amethyst-server/target/debug/build/expat-sys-6ebe635931f582a6/out/build/CMakeFiles/CMakeTmp

Run Build Command:"/usr/bin/make" "cmTC_a5f68/fast"
/usr/bin/make -f CMakeFiles/cmTC_a5f68.dir/build.make CMakeFiles/cmTC_a5f68.dir/build
make[1]: Entering directory '/home/timon/Documents/git/amethyst-server/amethyst-server/target/debug/build/expat-sys-6ebe635931f582a6/out/build/CMakeFiles/CMakeTmp'
Building C object CMakeFiles/cmTC_a5f68.dir/CheckIncludeFile.c.o
/usr/bin/cc   -ffunction-sections -fdata-sections -fPIC -m64    -o CMakeFiles/cmTC_a5f68.dir/CheckIncludeFile.c.o   -c /home/timon/Documents/git/amethyst-server/amethyst-server/target/debug/build/expat-sys-6ebe635931f582a6/out/build/CMakeFiles/CMakeTmp/CheckIncludeFile.c
Linking C executable cmTC_a5f68
/usr/bin/cmake -E cmake_link_script CMakeFiles/cmTC_a5f68.dir/link.txt --verbose=1
/usr/bin/cc  -ffunction-sections -fdata-sections -fPIC -m64     -rdynamic CMakeFiles/cmTC_a5f68.dir/CheckIncludeFile.c.o  -o cmTC_a5f68 
make[1]: Leaving directory '/home/timon/Documents/git/amethyst-server/amethyst-server/target/debug/build/expat-sys-6ebe635931f582a6/out/build/CMakeFiles/CMakeTmp'


Determining if the include file memory.h exists passed with the following output:
Change Dir: /home/timon/Documents/git/amethyst-server/amethyst-server/target/debug/build/expat-sys-6ebe635931f582a6/out/build/CMakeFiles/CMakeTmp

Run Build Command:"/usr/bin/make" "cmTC_f14c6/fast"
/usr/bin/make -f CMakeFiles/cmTC_f14c6.dir/build.make CMakeFiles/cmTC_f14c6.dir/build
make[1]: Entering directory '/home/timon/Documents/git/amethyst-server/amethyst-server/target/debug/build/expat-sys-6ebe635931f582a6/out/build/CMakeFiles/CMakeTmp'
Building C object CMakeFiles/cmTC_f14c6.dir/CheckIncludeFile.c.o
/usr/bin/cc   -ffunction-sections -fdata-sections -fPIC -m64    -o CMakeFiles/cmTC_f14c6.dir/CheckIncludeFile.c.o   -c /home/timon/Documents/git/amethyst-server/amethyst-server/target/debug/build/expat-sys-6ebe635931f582a6/out/build/CMakeFiles/CMakeTmp/CheckIncludeFile.c
Linking C executable cmTC_f14c6
/usr/bin/cmake -E cmake_link_script CMakeFiles/cmTC_f14c6.dir/link.txt --verbose=1
/usr/bin/cc  -ffunction-sections -fdata-sections -fPIC -m64     -rdynamic CMakeFiles/cmTC_f14c6.dir/CheckIncludeFile.c.o  -o cmTC_f14c6 
make[1]: Leaving directory '/home/timon/Documents/git/amethyst-server/amethyst-server/target/debug/build/expat-sys-6ebe635931f582a6/out/build/CMakeFiles/CMakeTmp'


Determining if the include file stdint.h exists passed with the following output:
Change Dir: /home/timon/Documents/git/amethyst-server/amethyst-server/target/debug/build/expat-sys-6ebe635931f582a6/out/build/CMakeFiles/CMakeTmp

Run Build Command:"/usr/bin/make" "cmTC_3b404/fast"
/usr/bin/make -f CMakeFiles/cmTC_3b404.dir/build.make CMakeFiles/cmTC_3b404.dir/build
make[1]: Entering directory '/home/timon/Documents/git/amethyst-server/amethyst-server/target/debug/build/expat-sys-6ebe635931f582a6/out/build/CMakeFiles/CMakeTmp'
Building C object CMakeFiles/cmTC_3b404.dir/CheckIncludeFile.c.o
/usr/bin/cc   -ffunction-sections -fdata-sections -fPIC -m64    -o CMakeFiles/cmTC_3b404.dir/CheckIncludeFile.c.o   -c /home/timon/Documents/git/amethyst-server/amethyst-server/target/debug/build/expat-sys-6ebe635931f582a6/out/build/CMakeFiles/CMakeTmp/CheckIncludeFile.c
Linking C executable cmTC_3b404
/usr/bin/cmake -E cmake_link_script CMakeFiles/cmTC_3b404.dir/link.txt --verbose=1
/usr/bin/cc  -ffunction-sections -fdata-sections -fPIC -m64     -rdynamic CMakeFiles/cmTC_3b404.dir/CheckIncludeFile.c.o  -o cmTC_3b404 
make[1]: Leaving directory '/home/timon/Documents/git/amethyst-server/amethyst-server/target/debug/build/expat-sys-6ebe635931f582a6/out/build/CMakeFiles/CMakeTmp'


Determining if the include file stdlib.h exists passed with the following output:
Change Dir: /home/timon/Documents/git/amethyst-server/amethyst-server/target/debug/build/expat-sys-6ebe635931f582a6/out/build/CMakeFiles/CMakeTmp

Run Build Command:"/usr/bin/make" "cmTC_e25d3/fast"
/usr/bin/make -f CMakeFiles/cmTC_e25d3.dir/build.make CMakeFiles/cmTC_e25d3.dir/build
make[1]: Entering directory '/home/timon/Documents/git/amethyst-server/amethyst-server/target/debug/build/expat-sys-6ebe635931f582a6/out/build/CMakeFiles/CMakeTmp'
Building C object CMakeFiles/cmTC_e25d3.dir/CheckIncludeFile.c.o
/usr/bin/cc   -ffunction-sections -fdata-sections -fPIC -m64    -o CMakeFiles/cmTC_e25d3.dir/CheckIncludeFile.c.o   -c /home/timon/Documents/git/amethyst-server/amethyst-server/target/debug/build/expat-sys-6ebe635931f582a6/out/build/CMakeFiles/CMakeTmp/CheckIncludeFile.c
Linking C executable cmTC_e25d3
/usr/bin/cmake -E cmake_link_script CMakeFiles/cmTC_e25d3.dir/link.txt --verbose=1
/usr/bin/cc  -ffunction-sections -fdata-sections -fPIC -m64     -rdynamic CMakeFiles/cmTC_e25d3.dir/CheckIncludeFile.c.o  -o cmTC_e25d3 
make[1]: Leaving directory '/home/timon/Documents/git/amethyst-server/amethyst-server/target/debug/build/expat-sys-6ebe635931f582a6/out/build/CMakeFiles/CMakeTmp'


Determining if the include file strings.h exists passed with the following output:
Change Dir: /home/timon/Documents/git/amethyst-server/amethyst-server/target/debug/build/expat-sys-6ebe635931f582a6/out/build/CMakeFiles/CMakeTmp

Run Build Command:"/usr/bin/make" "cmTC_b804c/fast"
/usr/bin/make -f CMakeFiles/cmTC_b804c.dir/build.make CMakeFiles/cmTC_b804c.dir/build
make[1]: Entering directory '/home/timon/Documents/git/amethyst-server/amethyst-server/target/debug/build/expat-sys-6ebe635931f582a6/out/build/CMakeFiles/CMakeTmp'
Building C object CMakeFiles/cmTC_b804c.dir/CheckIncludeFile.c.o
/usr/bin/cc   -ffunction-sections -fdata-sections -fPIC -m64    -o CMakeFiles/cmTC_b804c.dir/CheckIncludeFile.c.o   -c /home/timon/Documents/git/amethyst-server/amethyst-server/target/debug/build/expat-sys-6ebe635931f582a6/out/build/CMakeFiles/CMakeTmp/CheckIncludeFile.c
Linking C executable cmTC_b804c
/usr/bin/cmake -E cmake_link_script CMakeFiles/cmTC_b804c.dir/link.txt --verbose=1
/usr/bin/cc  -ffunction-sections -fdata-sections -fPIC -m64     -rdynamic CMakeFiles/cmTC_b804c.dir/CheckIncludeFile.c.o  -o cmTC_b804c 
make[1]: Leaving directory '/home/timon/Documents/git/amethyst-server/amethyst-server/target/debug/build/expat-sys-6ebe635931f582a6/out/build/CMakeFiles/CMakeTmp'


Determining if the include file string.h exists passed with the following output:
Change Dir: /home/timon/Documents/git/amethyst-server/amethyst-server/target/debug/build/expat-sys-6ebe635931f582a6/out/build/CMakeFiles/CMakeTmp

Run Build Command:"/usr/bin/make" "cmTC_f8b9c/fast"
/usr/bin/make -f CMakeFiles/cmTC_f8b9c.dir/build.make CMakeFiles/cmTC_f8b9c.dir/build
make[1]: Entering directory '/home/timon/Documents/git/amethyst-server/amethyst-server/target/debug/build/expat-sys-6ebe635931f582a6/out/build/CMakeFiles/CMakeTmp'
Building C object CMakeFiles/cmTC_f8b9c.dir/CheckIncludeFile.c.o
/usr/bin/cc   -ffunction-sections -fdata-sections -fPIC -m64    -o CMakeFiles/cmTC_f8b9c.dir/CheckIncludeFile.c.o   -c /home/timon/Documents/git/amethyst-server/amethyst-server/target/debug/build/expat-sys-6ebe635931f582a6/out/build/CMakeFiles/CMakeTmp/CheckIncludeFile.c
Linking C executable cmTC_f8b9c
/usr/bin/cmake -E cmake_link_script CMakeFiles/cmTC_f8b9c.dir/link.txt --verbose=1
/usr/bin/cc  -ffunction-sections -fdata-sections -fPIC -m64     -rdynamic CMakeFiles/cmTC_f8b9c.dir/CheckIncludeFile.c.o  -o cmTC_f8b9c 
make[1]: Leaving directory '/home/timon/Documents/git/amethyst-server/amethyst-server/target/debug/build/expat-sys-6ebe635931f582a6/out/build/CMakeFiles/CMakeTmp'


Determining if the include file sys/stat.h exists passed with the following output:
Change Dir: /home/timon/Documents/git/amethyst-server/amethyst-server/target/debug/build/expat-sys-6ebe635931f582a6/out/build/CMakeFiles/CMakeTmp

Run Build Command:"/usr/bin/make" "cmTC_463ed/fast"
/usr/bin/make -f CMakeFiles/cmTC_463ed.dir/build.make CMakeFiles/cmTC_463ed.dir/build
make[1]: Entering directory '/home/timon/Documents/git/amethyst-server/amethyst-server/target/debug/build/expat-sys-6ebe635931f582a6/out/build/CMakeFiles/CMakeTmp'
Building C object CMakeFiles/cmTC_463ed.dir/CheckIncludeFile.c.o
/usr/bin/cc   -ffunction-sections -fdata-sections -fPIC -m64    -o CMakeFiles/cmTC_463ed.dir/CheckIncludeFile.c.o   -c /home/timon/Documents/git/amethyst-server/amethyst-server/target/debug/build/expat-sys-6ebe635931f582a6/out/build/CMakeFiles/CMakeTmp/CheckIncludeFile.c
Linking C executable cmTC_463ed
/usr/bin/cmake -E cmake_link_script CMakeFiles/cmTC_463ed.dir/link.txt --verbose=1
/usr/bin/cc  -ffunction-sections -fdata-sections -fPIC -m64     -rdynamic CMakeFiles/cmTC_463ed.dir/CheckIncludeFile.c.o  -o cmTC_463ed 
make[1]: Leaving directory '/home/timon/Documents/git/amethyst-server/amethyst-server/target/debug/build/expat-sys-6ebe635931f582a6/out/build/CMakeFiles/CMakeTmp'


Determining if the include file sys/types.h exists passed with the following output:
Change Dir: /home/timon/Documents/git/amethyst-server/amethyst-server/target/debug/build/expat-sys-6ebe635931f582a6/out/build/CMakeFiles/CMakeTmp

Run Build Command:"/usr/bin/make" "cmTC_0ee1c/fast"
/usr/bin/make -f CMakeFiles/cmTC_0ee1c.dir/build.make CMakeFiles/cmTC_0ee1c.dir/build
make[1]: Entering directory '/home/timon/Documents/git/amethyst-server/amethyst-server/target/debug/build/expat-sys-6ebe635931f582a6/out/build/CMakeFiles/CMakeTmp'
Building C object CMakeFiles/cmTC_0ee1c.dir/CheckIncludeFile.c.o
/usr/bin/cc   -ffunction-sections -fdata-sections -fPIC -m64    -o CMakeFiles/cmTC_0ee1c.dir/CheckIncludeFile.c.o   -c /home/timon/Documents/git/amethyst-server/amethyst-server/target/debug/build/expat-sys-6ebe635931f582a6/out/build/CMakeFiles/CMakeTmp/CheckIncludeFile.c
Linking C executable cmTC_0ee1c
/usr/bin/cmake -E cmake_link_script CMakeFiles/cmTC_0ee1c.dir/link.txt --verbose=1
/usr/bin/cc  -ffunction-sections -fdata-sections -fPIC -m64     -rdynamic CMakeFiles/cmTC_0ee1c.dir/CheckIncludeFile.c.o  -o cmTC_0ee1c 
make[1]: Leaving directory '/home/timon/Documents/git/amethyst-server/amethyst-server/target/debug/build/expat-sys-6ebe635931f582a6/out/build/CMakeFiles/CMakeTmp'


Determining if the include file unistd.h exists passed with the following output:
Change Dir: /home/timon/Documents/git/amethyst-server/amethyst-server/target/debug/build/expat-sys-6ebe635931f582a6/out/build/CMakeFiles/CMakeTmp

Run Build Command:"/usr/bin/make" "cmTC_a0ce3/fast"
/usr/bin/make -f CMakeFiles/cmTC_a0ce3.dir/build.make CMakeFiles/cmTC_a0ce3.dir/build
make[1]: Entering directory '/home/timon/Documents/git/amethyst-server/amethyst-server/target/debug/build/expat-sys-6ebe635931f582a6/out/build/CMakeFiles/CMakeTmp'
Building C object CMakeFiles/cmTC_a0ce3.dir/CheckIncludeFile.c.o
/usr/bin/cc   -ffunction-sections -fdata-sections -fPIC -m64    -o CMakeFiles/cmTC_a0ce3.dir/CheckIncludeFile.c.o   -c /home/timon/Documents/git/amethyst-server/amethyst-server/target/debug/build/expat-sys-6ebe635931f582a6/out/build/CMakeFiles/CMakeTmp/CheckIncludeFile.c
Linking C executable cmTC_a0ce3
/usr/bin/cmake -E cmake_link_script CMakeFiles/cmTC_a0ce3.dir/link.txt --verbose=1
/usr/bin/cc  -ffunction-sections -fdata-sections -fPIC -m64     -rdynamic CMakeFiles/cmTC_a0ce3.dir/CheckIncludeFile.c.o  -o cmTC_a0ce3 
make[1]: Leaving directory '/home/timon/Documents/git/amethyst-server/amethyst-server/target/debug/build/expat-sys-6ebe635931f582a6/out/build/CMakeFiles/CMakeTmp'


Determining if the function getpagesize exists passed with the following output:
Change Dir: /home/timon/Documents/git/amethyst-server/amethyst-server/target/debug/build/expat-sys-6ebe635931f582a6/out/build/CMakeFiles/CMakeTmp

Run Build Command:"/usr/bin/make" "cmTC_657c1/fast"
/usr/bin/make -f CMakeFiles/cmTC_657c1.dir/build.make CMakeFiles/cmTC_657c1.dir/build
make[1]: Entering directory '/home/timon/Documents/git/amethyst-server/amethyst-server/target/debug/build/expat-sys-6ebe635931f582a6/out/build/CMakeFiles/CMakeTmp'
Building C object CMakeFiles/cmTC_657c1.dir/CheckFunctionExists.c.o
/usr/bin/cc   -ffunction-sections -fdata-sections -fPIC -m64 -DCHECK_FUNCTION_EXISTS=getpagesize   -o CMakeFiles/cmTC_657c1.dir/CheckFunctionExists.c.o   -c /usr/share/cmake-3.10/Modules/CheckFunctionExists.c
Linking C executable cmTC_657c1
/usr/bin/cmake -E cmake_link_script CMakeFiles/cmTC_657c1.dir/link.txt --verbose=1
/usr/bin/cc  -ffunction-sections -fdata-sections -fPIC -m64 -DCHECK_FUNCTION_EXISTS=getpagesize    -rdynamic CMakeFiles/cmTC_657c1.dir/CheckFunctionExists.c.o  -o cmTC_657c1 
make[1]: Leaving directory '/home/timon/Documents/git/amethyst-server/amethyst-server/target/debug/build/expat-sys-6ebe635931f582a6/out/build/CMakeFiles/CMakeTmp'


Determining if the function bcopy exists passed with the following output:
Change Dir: /home/timon/Documents/git/amethyst-server/amethyst-server/target/debug/build/expat-sys-6ebe635931f582a6/out/build/CMakeFiles/CMakeTmp

Run Build Command:"/usr/bin/make" "cmTC_146e0/fast"
/usr/bin/make -f CMakeFiles/cmTC_146e0.dir/build.make CMakeFiles/cmTC_146e0.dir/build
make[1]: Entering directory '/home/timon/Documents/git/amethyst-server/amethyst-server/target/debug/build/expat-sys-6ebe635931f582a6/out/build/CMakeFiles/CMakeTmp'
Building C object CMakeFiles/cmTC_146e0.dir/CheckFunctionExists.c.o
/usr/bin/cc   -ffunction-sections -fdata-sections -fPIC -m64 -DCHECK_FUNCTION_EXISTS=bcopy   -o CMakeFiles/cmTC_146e0.dir/CheckFunctionExists.c.o   -c /usr/share/cmake-3.10/Modules/CheckFunctionExists.c
<command-line>:0:23: warning: conflicting types for built-in function bcopy [-Wbuiltin-declaration-mismatch]
/usr/share/cmake-3.10/Modules/CheckFunctionExists.c:7:3: note: in expansion of macro CHECK_FUNCTION_EXISTS
   CHECK_FUNCTION_EXISTS(void);
   ^~~~~~~~~~~~~~~~~~~~~
Linking C executable cmTC_146e0
/usr/bin/cmake -E cmake_link_script CMakeFiles/cmTC_146e0.dir/link.txt --verbose=1
/usr/bin/cc  -ffunction-sections -fdata-sections -fPIC -m64 -DCHECK_FUNCTION_EXISTS=bcopy    -rdynamic CMakeFiles/cmTC_146e0.dir/CheckFunctionExists.c.o  -o cmTC_146e0 
make[1]: Leaving directory '/home/timon/Documents/git/amethyst-server/amethyst-server/target/debug/build/expat-sys-6ebe635931f582a6/out/build/CMakeFiles/CMakeTmp'


Determining if the memmove exist passed with the following output:
Change Dir: /home/timon/Documents/git/amethyst-server/amethyst-server/target/debug/build/expat-sys-6ebe635931f582a6/out/build/CMakeFiles/CMakeTmp

Run Build Command:"/usr/bin/make" "cmTC_175e8/fast"
/usr/bin/make -f CMakeFiles/cmTC_175e8.dir/build.make CMakeFiles/cmTC_175e8.dir/build
make[1]: Entering directory '/home/timon/Documents/git/amethyst-server/amethyst-server/target/debug/build/expat-sys-6ebe635931f582a6/out/build/CMakeFiles/CMakeTmp'
Building C object CMakeFiles/cmTC_175e8.dir/CheckSymbolExists.c.o
/usr/bin/cc   -ffunction-sections -fdata-sections -fPIC -m64    -o CMakeFiles/cmTC_175e8.dir/CheckSymbolExists.c.o   -c /home/timon/Documents/git/amethyst-server/amethyst-server/target/debug/build/expat-sys-6ebe635931f582a6/out/build/CMakeFiles/CMakeTmp/CheckSymbolExists.c
Linking C executable cmTC_175e8
/usr/bin/cmake -E cmake_link_script CMakeFiles/cmTC_175e8.dir/link.txt --verbose=1
/usr/bin/cc  -ffunction-sections -fdata-sections -fPIC -m64     -rdynamic CMakeFiles/cmTC_175e8.dir/CheckSymbolExists.c.o  -o cmTC_175e8 
make[1]: Leaving directory '/home/timon/Documents/git/amethyst-server/amethyst-server/target/debug/build/expat-sys-6ebe635931f582a6/out/build/CMakeFiles/CMakeTmp'

File /home/timon/Documents/git/amethyst-server/amethyst-server/target/debug/build/expat-sys-6ebe635931f582a6/out/build/CMakeFiles/CMakeTmp/CheckSymbolExists.c:
/* */
#include <string.h>

int main(int argc, char** argv)
{
  (void)argv;
#ifndef memmove
  return ((int*)(&memmove))[argc];
#else
  (void)argc;
  return 0;
#endif
}

Determining if the function mmap exists passed with the following output:
Change Dir: /home/timon/Documents/git/amethyst-server/amethyst-server/target/debug/build/expat-sys-6ebe635931f582a6/out/build/CMakeFiles/CMakeTmp

Run Build Command:"/usr/bin/make" "cmTC_54a95/fast"
/usr/bin/make -f CMakeFiles/cmTC_54a95.dir/build.make CMakeFiles/cmTC_54a95.dir/build
make[1]: Entering directory '/home/timon/Documents/git/amethyst-server/amethyst-server/target/debug/build/expat-sys-6ebe635931f582a6/out/build/CMakeFiles/CMakeTmp'
Building C object CMakeFiles/cmTC_54a95.dir/CheckFunctionExists.c.o
/usr/bin/cc   -ffunction-sections -fdata-sections -fPIC -m64 -DCHECK_FUNCTION_EXISTS=mmap   -o CMakeFiles/cmTC_54a95.dir/CheckFunctionExists.c.o   -c /usr/share/cmake-3.10/Modules/CheckFunctionExists.c
Linking C executable cmTC_54a95
/usr/bin/cmake -E cmake_link_script CMakeFiles/cmTC_54a95.dir/link.txt --verbose=1
/usr/bin/cc  -ffunction-sections -fdata-sections -fPIC -m64 -DCHECK_FUNCTION_EXISTS=mmap    -rdynamic CMakeFiles/cmTC_54a95.dir/CheckFunctionExists.c.o  -o cmTC_54a95 
make[1]: Leaving directory '/home/timon/Documents/git/amethyst-server/amethyst-server/target/debug/build/expat-sys-6ebe635931f582a6/out/build/CMakeFiles/CMakeTmp'


Determining if files stdlib.h;stdarg.h;string.h;float.h exist passed with the following output:
Change Dir: /home/timon/Documents/git/amethyst-server/amethyst-server/target/debug/build/expat-sys-6ebe635931f582a6/out/build/CMakeFiles/CMakeTmp

Run Build Command:"/usr/bin/make" "cmTC_2125e/fast"
/usr/bin/make -f CMakeFiles/cmTC_2125e.dir/build.make CMakeFiles/cmTC_2125e.dir/build
make[1]: Entering directory '/home/timon/Documents/git/amethyst-server/amethyst-server/target/debug/build/expat-sys-6ebe635931f582a6/out/build/CMakeFiles/CMakeTmp'
Building C object CMakeFiles/cmTC_2125e.dir/CheckIncludeFiles.c.o
/usr/bin/cc   -ffunction-sections -fdata-sections -fPIC -m64    -o CMakeFiles/cmTC_2125e.dir/CheckIncludeFiles.c.o   -c /home/timon/Documents/git/amethyst-server/amethyst-server/target/debug/build/expat-sys-6ebe635931f582a6/out/build/CMakeFiles/CMakeTmp/CheckIncludeFiles.c
Linking C executable cmTC_2125e
/usr/bin/cmake -E cmake_link_script CMakeFiles/cmTC_2125e.dir/link.txt --verbose=1
/usr/bin/cc  -ffunction-sections -fdata-sections -fPIC -m64     -rdynamic CMakeFiles/cmTC_2125e.dir/CheckIncludeFiles.c.o  -o cmTC_2125e 
make[1]: Leaving directory '/home/timon/Documents/git/amethyst-server/amethyst-server/target/debug/build/expat-sys-6ebe635931f582a6/out/build/CMakeFiles/CMakeTmp'


Determining if the include file stddef.h exists passed with the following output:
Change Dir: /home/timon/Documents/git/amethyst-server/amethyst-server/target/debug/build/expat-sys-6ebe635931f582a6/out/build/CMakeFiles/CMakeTmp

Run Build Command:"/usr/bin/make" "cmTC_0caff/fast"
/usr/bin/make -f CMakeFiles/cmTC_0caff.dir/build.make CMakeFiles/cmTC_0caff.dir/build
make[1]: Entering directory '/home/timon/Documents/git/amethyst-server/amethyst-server/target/debug/build/expat-sys-6ebe635931f582a6/out/build/CMakeFiles/CMakeTmp'
Building C object CMakeFiles/cmTC_0caff.dir/CheckIncludeFile.c.o
/usr/bin/cc   -ffunction-sections -fdata-sections -fPIC -m64    -o CMakeFiles/cmTC_0caff.dir/CheckIncludeFile.c.o   -c /home/timon/Documents/git/amethyst-server/amethyst-server/target/debug/build/expat-sys-6ebe635931f582a6/out/build/CMakeFiles/CMakeTmp/CheckIncludeFile.c
Linking C executable cmTC_0caff
/usr/bin/cmake -E cmake_link_script CMakeFiles/cmTC_0caff.dir/link.txt --verbose=1
/usr/bin/cc  -ffunction-sections -fdata-sections -fPIC -m64     -rdynamic CMakeFiles/cmTC_0caff.dir/CheckIncludeFile.c.o  -o cmTC_0caff 
make[1]: Leaving directory '/home/timon/Documents/git/amethyst-server/amethyst-server/target/debug/build/expat-sys-6ebe635931f582a6/out/build/CMakeFiles/CMakeTmp'


Determining size of unsigned short passed with the following output:
Change Dir: /home/timon/Documents/git/amethyst-server/amethyst-server/target/debug/build/expat-sys-6ebe635931f582a6/out/build/CMakeFiles/CMakeTmp

Run Build Command:"/usr/bin/make" "cmTC_14637/fast"
/usr/bin/make -f CMakeFiles/cmTC_14637.dir/build.make CMakeFiles/cmTC_14637.dir/build
make[1]: Entering directory '/home/timon/Documents/git/amethyst-server/amethyst-server/target/debug/build/expat-sys-6ebe635931f582a6/out/build/CMakeFiles/CMakeTmp'
Building C object CMakeFiles/cmTC_14637.dir/CMAKE_SIZEOF_UNSIGNED_SHORT.c.o
/usr/bin/cc   -ffunction-sections -fdata-sections -fPIC -m64    -o CMakeFiles/cmTC_14637.dir/CMAKE_SIZEOF_UNSIGNED_SHORT.c.o   -c /home/timon/Documents/git/amethyst-server/amethyst-server/target/debug/build/expat-sys-6ebe635931f582a6/out/build/CMakeFiles/CheckTypeSize/CMAKE_SIZEOF_UNSIGNED_SHORT.c
Linking C executable cmTC_14637
/usr/bin/cmake -E cmake_link_script CMakeFiles/cmTC_14637.dir/link.txt --verbose=1
/usr/bin/cc  -ffunction-sections -fdata-sections -fPIC -m64     -rdynamic CMakeFiles/cmTC_14637.dir/CMAKE_SIZEOF_UNSIGNED_SHORT.c.o  -o cmTC_14637 
make[1]: Leaving directory '/home/timon/Documents/git/amethyst-server/amethyst-server/target/debug/build/expat-sys-6ebe635931f582a6/out/build/CMakeFiles/CMakeTmp'


Determining if the system is big endian passed with the following output:
Change Dir: /home/timon/Documents/git/amethyst-server/amethyst-server/target/debug/build/expat-sys-6ebe635931f582a6/out/build/CMakeFiles/CMakeTmp

Run Build Command:"/usr/bin/make" "cmTC_f908c/fast"
/usr/bin/make -f CMakeFiles/cmTC_f908c.dir/build.make CMakeFiles/cmTC_f908c.dir/build
make[1]: Entering directory '/home/timon/Documents/git/amethyst-server/amethyst-server/target/debug/build/expat-sys-6ebe635931f582a6/out/build/CMakeFiles/CMakeTmp'
Building C object CMakeFiles/cmTC_f908c.dir/TestEndianess.c.o
/usr/bin/cc   -ffunction-sections -fdata-sections -fPIC -m64    -o CMakeFiles/cmTC_f908c.dir/TestEndianess.c.o   -c /home/timon/Documents/git/amethyst-server/amethyst-server/target/debug/build/expat-sys-6ebe635931f582a6/out/build/CMakeFiles/CMakeTmp/TestEndianess.c
Linking C executable cmTC_f908c
/usr/bin/cmake -E cmake_link_script CMakeFiles/cmTC_f908c.dir/link.txt --verbose=1
/usr/bin/cc  -ffunction-sections -fdata-sections -fPIC -m64     -rdynamic CMakeFiles/cmTC_f908c.dir/TestEndianess.c.o  -o cmTC_f908c 
make[1]: Leaving directory '/home/timon/Documents/git/amethyst-server/amethyst-server/target/debug/build/expat-sys-6ebe635931f582a6/out/build/CMakeFiles/CMakeTmp'

TestEndianess.c:
/* A 16 bit integer is required. */
typedef unsigned short cmakeint16;

/* On a little endian machine, these 16bit ints will give "THIS IS LITTLE ENDIAN."
   On a big endian machine the characters will be exchanged pairwise. */
const cmakeint16 info_little[] =  {0x4854, 0x5349, 0x4920, 0x2053, 0x494c, 0x5454, 0x454c, 0x4520, 0x444e, 0x4149, 0x2e4e, 0x0000};

/* on a big endian machine, these 16bit ints will give "THIS IS BIG ENDIAN."
   On a little endian machine the characters will be exchanged pairwise. */
const cmakeint16 info_big[] =     {0x5448, 0x4953, 0x2049, 0x5320, 0x4249, 0x4720, 0x454e, 0x4449, 0x414e, 0x2e2e, 0x0000};

#ifdef __CLASSIC_C__
int main(argc, argv) int argc; char *argv[];
#else
int main(int argc, char *argv[])
#endif
{
  int require = 0;
  require += info_little[argc];
  require += info_big[argc];
  (void)argv;
  return require;
}


