This file contains any messages produced by compilers while
running configure, to aid debugging if configure makes a mistake.

It was created by fontconfig configure 2.11.1, which was
generated by GNU Autoconf 2.69.  Invocation command line was

  $ /home/timon/.cargo/registry/src/github.com-1ecc6299db9ec823/servo-fontconfig-sys-4.0.7/configure --disable-docs --disable-shared --host=x86_64-unknown-linux-gnu --sysconfdir=/etc --localstatedir=/var

## --------- ##
## Platform. ##
## --------- ##

hostname = timon-System-Product-Name
uname -m = x86_64
uname -r = 4.15.0-39-generic
uname -s = Linux
uname -v = #42-Ubuntu SMP Tue Oct 23 15:48:01 UTC 2018

/usr/bin/uname -p = unknown
/bin/uname -X     = unknown

/bin/arch              = unknown
/usr/bin/arch -k       = unknown
/usr/convex/getsysinfo = unknown
/usr/bin/hostinfo      = unknown
/bin/machine           = unknown
/usr/bin/oslevel       = unknown
/bin/universe          = unknown

PATH: /home/timon/.cargo/bin
PATH: /home/timon/.cargo/bin
PATH: /usr/local/sbin
PATH: /usr/local/bin
PATH: /usr/sbin
PATH: /usr/bin
PATH: /sbin
PATH: /bin
PATH: /usr/games
PATH: /usr/local/games


## ----------- ##
## Core tests. ##
## ----------- ##

configure:2694: checking for a BSD-compatible install
configure:2762: result: /usr/bin/install -c
configure:2773: checking whether build environment is sane
configure:2828: result: yes
configure:2887: checking for x86_64-unknown-linux-gnu-strip
configure:2917: result: no
configure:2927: checking for strip
configure:2943: found /usr/bin/strip
configure:2954: result: strip
configure:2979: checking for a thread-safe mkdir -p
configure:3018: result: /bin/mkdir -p
configure:3025: checking for gawk
configure:3041: found /usr/bin/gawk
configure:3052: result: gawk
configure:3063: checking whether make sets $(MAKE)
configure:3085: result: yes
configure:3114: checking whether make supports nested variables
configure:3131: result: yes
configure:3267: checking whether make supports nested variables
configure:3284: result: yes
configure:3296: checking whether to enable maintainer-specific portions of Makefiles
configure:3305: result: no
configure:3332: checking for x86_64-unknown-linux-gnu-gcc
configure:3359: result: gcc
configure:3628: checking for C compiler version
configure:3637: gcc --version >&5
gcc (Ubuntu 7.3.0-27ubuntu1~18.04) 7.3.0
Copyright (C) 2017 Free Software Foundation, Inc.
This is free software; see the source for copying conditions.  There is NO
warranty; not even for MERCHANTABILITY or FITNESS FOR A PARTICULAR PURPOSE.

configure:3648: $? = 0
configure:3637: gcc -v >&5
Using built-in specs.
COLLECT_GCC=gcc
COLLECT_LTO_WRAPPER=/usr/lib/gcc/x86_64-linux-gnu/7/lto-wrapper
OFFLOAD_TARGET_NAMES=nvptx-none
OFFLOAD_TARGET_DEFAULT=1
Target: x86_64-linux-gnu
Configured with: ../src/configure -v --with-pkgversion='Ubuntu 7.3.0-27ubuntu1~18.04' --with-bugurl=file:///usr/share/doc/gcc-7/README.Bugs --enable-languages=c,ada,c++,go,brig,d,fortran,objc,obj-c++ --prefix=/usr --with-gcc-major-version-only --program-suffix=-7 --program-prefix=x86_64-linux-gnu- --enable-shared --enable-linker-build-id --libexecdir=/usr/lib --without-included-gettext --enable-threads=posix --libdir=/usr/lib --enable-nls --with-sysroot=/ --enable-clocale=gnu --enable-libstdcxx-debug --enable-libstdcxx-time=yes --with-default-libstdcxx-abi=new --enable-gnu-unique-object --disable-vtable-verify --enable-libmpx --enable-plugin --enable-default-pie --with-system-zlib --with-target-system-zlib --enable-objc-gc=auto --enable-multiarch --disable-werror --with-arch-32=i686 --with-abi=m64 --with-multilib-list=m32,m64,mx32 --enable-multilib --with-tune=generic --enable-offload-targets=nvptx-none --without-cuda-driver --enable-checking=release --build=x86_64-linux-gnu --host=x86_64-linux-gnu --target=x86_64-linux-gnu
Thread model: posix
gcc version 7.3.0 (Ubuntu 7.3.0-27ubuntu1~18.04) 
configure:3648: $? = 0
configure:3637: gcc -V >&5
gcc: error: unrecognized command line option '-V'
gcc: fatal error: no input files
compilation terminated.
configure:3648: $? = 1
configure:3637: gcc -qversion >&5
gcc: error: unrecognized command line option '-qversion'; did you mean '--version'?
gcc: fatal error: no input files
compilation terminated.
configure:3648: $? = 1
configure:3668: checking whether the C compiler works
configure:3690: gcc  -fPIC   conftest.c  >&5
configure:3694: $? = 0
configure:3742: result: yes
configure:3745: checking for C compiler default output file name
configure:3747: result: a.out
configure:3753: checking for suffix of executables
configure:3760: gcc -o conftest  -fPIC   conftest.c  >&5
configure:3764: $? = 0
configure:3786: result: 
configure:3808: checking whether we are cross compiling
configure:3816: gcc -o conftest  -fPIC   conftest.c  >&5
configure:3820: $? = 0
configure:3827: ./conftest
configure:3831: $? = 0
configure:3846: result: no
configure:3851: checking for suffix of object files
configure:3873: gcc -c  -fPIC  conftest.c >&5
configure:3877: $? = 0
configure:3898: result: o
configure:3902: checking whether we are using the GNU C compiler
configure:3921: gcc -c  -fPIC  conftest.c >&5
configure:3921: $? = 0
configure:3930: result: yes
configure:3939: checking whether gcc accepts -g
configure:3959: gcc -c -g  conftest.c >&5
configure:3959: $? = 0
configure:4000: result: yes
configure:4017: checking for gcc option to accept ISO C89
configure:4080: gcc  -c  -fPIC  conftest.c >&5
configure:4080: $? = 0
configure:4093: result: none needed
configure:4118: checking whether gcc understands -c and -o together
configure:4140: gcc -c conftest.c -o conftest2.o
configure:4143: $? = 0
configure:4140: gcc -c conftest.c -o conftest2.o
configure:4143: $? = 0
configure:4155: result: yes
configure:4183: checking for style of include used by make
configure:4211: result: GNU
configure:4237: checking dependency style of gcc
configure:4348: result: gcc3
configure:4369: checking how to run the C preprocessor
configure:4400: gcc -E  conftest.c
configure:4400: $? = 0
configure:4414: gcc -E  conftest.c
conftest.c:11:10: fatal error: ac_nonexistent.h: No such file or directory
 #include <ac_nonexistent.h>
          ^~~~~~~~~~~~~~~~~~
compilation terminated.
configure:4414: $? = 1
configure: failed program was:
| /* confdefs.h */
| #define PACKAGE_NAME "fontconfig"
| #define PACKAGE_TARNAME "fontconfig"
| #define PACKAGE_VERSION "2.11.1"
| #define PACKAGE_STRING "fontconfig 2.11.1"
| #define PACKAGE_BUGREPORT "https://bugs.freedesktop.org/enter_bug.cgi?product=fontconfig"
| #define PACKAGE_URL ""
| #define PACKAGE "fontconfig"
| #define VERSION "2.11.1"
| /* end confdefs.h.  */
| #include <ac_nonexistent.h>
configure:4439: result: gcc -E
configure:4459: gcc -E  conftest.c
configure:4459: $? = 0
configure:4473: gcc -E  conftest.c
conftest.c:11:10: fatal error: ac_nonexistent.h: No such file or directory
 #include <ac_nonexistent.h>
          ^~~~~~~~~~~~~~~~~~
compilation terminated.
configure:4473: $? = 1
configure: failed program was:
| /* confdefs.h */
| #define PACKAGE_NAME "fontconfig"
| #define PACKAGE_TARNAME "fontconfig"
| #define PACKAGE_VERSION "2.11.1"
| #define PACKAGE_STRING "fontconfig 2.11.1"
| #define PACKAGE_BUGREPORT "https://bugs.freedesktop.org/enter_bug.cgi?product=fontconfig"
| #define PACKAGE_URL ""
| #define PACKAGE "fontconfig"
| #define VERSION "2.11.1"
| /* end confdefs.h.  */
| #include <ac_nonexistent.h>
configure:4502: checking for grep that handles long lines and -e
configure:4560: result: /bin/grep
configure:4565: checking for egrep
configure:4627: result: /bin/grep -E
configure:4632: checking for ANSI C header files
configure:4652: gcc -c  -fPIC  conftest.c >&5
configure:4652: $? = 0
configure:4725: gcc -o conftest  -fPIC   conftest.c  >&5
configure:4725: $? = 0
configure:4725: ./conftest
configure:4725: $? = 0
configure:4736: result: yes
configure:4749: checking for sys/types.h
configure:4749: gcc -c  -fPIC  conftest.c >&5
configure:4749: $? = 0
configure:4749: result: yes
configure:4749: checking for sys/stat.h
configure:4749: gcc -c  -fPIC  conftest.c >&5
configure:4749: $? = 0
configure:4749: result: yes
configure:4749: checking for stdlib.h
configure:4749: gcc -c  -fPIC  conftest.c >&5
configure:4749: $? = 0
configure:4749: result: yes
configure:4749: checking for string.h
configure:4749: gcc -c  -fPIC  conftest.c >&5
configure:4749: $? = 0
configure:4749: result: yes
configure:4749: checking for memory.h
configure:4749: gcc -c  -fPIC  conftest.c >&5
configure:4749: $? = 0
configure:4749: result: yes
configure:4749: checking for strings.h
configure:4749: gcc -c  -fPIC  conftest.c >&5
configure:4749: $? = 0
configure:4749: result: yes
configure:4749: checking for inttypes.h
configure:4749: gcc -c  -fPIC  conftest.c >&5
configure:4749: $? = 0
configure:4749: result: yes
configure:4749: checking for stdint.h
configure:4749: gcc -c  -fPIC  conftest.c >&5
configure:4749: $? = 0
configure:4749: result: yes
configure:4749: checking for unistd.h
configure:4749: gcc -c  -fPIC  conftest.c >&5
configure:4749: $? = 0
configure:4749: result: yes
configure:4762: checking minix/config.h usability
configure:4762: gcc -c  -fPIC  conftest.c >&5
conftest.c:54:10: fatal error: minix/config.h: No such file or directory
 #include <minix/config.h>
          ^~~~~~~~~~~~~~~~
compilation terminated.
configure:4762: $? = 1
configure: failed program was:
| /* confdefs.h */
| #define PACKAGE_NAME "fontconfig"
| #define PACKAGE_TARNAME "fontconfig"
| #define PACKAGE_VERSION "2.11.1"
| #define PACKAGE_STRING "fontconfig 2.11.1"
| #define PACKAGE_BUGREPORT "https://bugs.freedesktop.org/enter_bug.cgi?product=fontconfig"
| #define PACKAGE_URL ""
| #define PACKAGE "fontconfig"
| #define VERSION "2.11.1"
| #define STDC_HEADERS 1
| #define HAVE_SYS_TYPES_H 1
| #define HAVE_SYS_STAT_H 1
| #define HAVE_STDLIB_H 1
| #define HAVE_STRING_H 1
| #define HAVE_MEMORY_H 1
| #define HAVE_STRINGS_H 1
| #define HAVE_INTTYPES_H 1
| #define HAVE_STDINT_H 1
| #define HAVE_UNISTD_H 1
| /* end confdefs.h.  */
| #include <stdio.h>
| #ifdef HAVE_SYS_TYPES_H
| # include <sys/types.h>
| #endif
| #ifdef HAVE_SYS_STAT_H
| # include <sys/stat.h>
| #endif
| #ifdef STDC_HEADERS
| # include <stdlib.h>
| # include <stddef.h>
| #else
| # ifdef HAVE_STDLIB_H
| #  include <stdlib.h>
| # endif
| #endif
| #ifdef HAVE_STRING_H
| # if !defined STDC_HEADERS && defined HAVE_MEMORY_H
| #  include <memory.h>
| # endif
| # include <string.h>
| #endif
| #ifdef HAVE_STRINGS_H
| # include <strings.h>
| #endif
| #ifdef HAVE_INTTYPES_H
| # include <inttypes.h>
| #endif
| #ifdef HAVE_STDINT_H
| # include <stdint.h>
| #endif
| #ifdef HAVE_UNISTD_H
| # include <unistd.h>
| #endif
| #include <minix/config.h>
configure:4762: result: no
configure:4762: checking minix/config.h presence
configure:4762: gcc -E  conftest.c
conftest.c:21:10: fatal error: minix/config.h: No such file or directory
 #include <minix/config.h>
          ^~~~~~~~~~~~~~~~
compilation terminated.
configure:4762: $? = 1
configure: failed program was:
| /* confdefs.h */
| #define PACKAGE_NAME "fontconfig"
| #define PACKAGE_TARNAME "fontconfig"
| #define PACKAGE_VERSION "2.11.1"
| #define PACKAGE_STRING "fontconfig 2.11.1"
| #define PACKAGE_BUGREPORT "https://bugs.freedesktop.org/enter_bug.cgi?product=fontconfig"
| #define PACKAGE_URL ""
| #define PACKAGE "fontconfig"
| #define VERSION "2.11.1"
| #define STDC_HEADERS 1
| #define HAVE_SYS_TYPES_H 1
| #define HAVE_SYS_STAT_H 1
| #define HAVE_STDLIB_H 1
| #define HAVE_STRING_H 1
| #define HAVE_MEMORY_H 1
| #define HAVE_STRINGS_H 1
| #define HAVE_INTTYPES_H 1
| #define HAVE_STDINT_H 1
| #define HAVE_UNISTD_H 1
| /* end confdefs.h.  */
| #include <minix/config.h>
configure:4762: result: no
configure:4762: checking for minix/config.h
configure:4762: result: no
configure:4783: checking whether it is safe to define __EXTENSIONS__
configure:4801: gcc -c  -fPIC  conftest.c >&5
configure:4801: $? = 0
configure:4808: result: yes
configure:4829: checking for special C compiler options needed for large files
configure:4874: result: no
configure:4880: checking for _FILE_OFFSET_BITS value needed for large files
configure:4905: gcc -c  -fPIC  conftest.c >&5
configure:4905: $? = 0
configure:4937: result: no
configure:5023: checking whether ln -s works
configure:5027: result: yes
configure:5034: checking whether make sets $(MAKE)
configure:5056: result: yes
configure:5076: checking for x86_64-unknown-linux-gnu-pkg-config
configure:5109: result: no
configure:5119: checking for pkg-config
configure:5137: found /usr/bin/pkg-config
configure:5149: result: /usr/bin/pkg-config
configure:5174: checking pkg-config is at least version 0.9.0
configure:5177: result: yes
configure:5208: checking for RM macro
configure:5252: result: rm -f
configure:5286: checking build system type
configure:5300: result: x86_64-unknown-linux-gnu
configure:5320: checking host system type
configure:5333: result: x86_64-unknown-linux-gnu
configure:5374: checking how to print strings
configure:5401: result: printf
configure:5422: checking for a sed that does not truncate output
configure:5486: result: /bin/sed
configure:5504: checking for fgrep
configure:5566: result: /bin/grep -F
configure:5601: checking for ld used by gcc
configure:5668: result: /usr/bin/ld
configure:5675: checking if the linker (/usr/bin/ld) is GNU ld
configure:5690: result: yes
configure:5702: checking for BSD- or MS-compatible name lister (nm)
configure:5751: result: /usr/bin/nm -B
configure:5881: checking the name lister (/usr/bin/nm -B) interface
configure:5888: gcc -c  -fPIC  conftest.c >&5
configure:5891: /usr/bin/nm -B "conftest.o"
configure:5894: output
0000000000000000 B some_variable
configure:5901: result: BSD nm
configure:5905: checking the maximum length of command line arguments
configure:6035: result: 1572864
configure:6052: checking whether the shell understands some XSI constructs
configure:6062: result: yes
configure:6066: checking whether the shell understands "+="
configure:6072: result: yes
configure:6107: checking how to convert x86_64-unknown-linux-gnu file names to x86_64-unknown-linux-gnu format
configure:6147: result: func_convert_file_noop
configure:6154: checking how to convert x86_64-unknown-linux-gnu file names to toolchain format
configure:6174: result: func_convert_file_noop
configure:6181: checking for /usr/bin/ld option to reload object files
configure:6188: result: -r
configure:6222: checking for x86_64-unknown-linux-gnu-objdump
configure:6252: result: no
configure:6262: checking for objdump
configure:6278: found /usr/bin/objdump
configure:6289: result: objdump
configure:6318: checking how to recognize dependent libraries
configure:6520: result: pass_all
configure:6565: checking for x86_64-unknown-linux-gnu-dlltool
configure:6595: result: no
configure:6605: checking for dlltool
configure:6635: result: no
configure:6662: checking how to associate runtime and link libraries
configure:6689: result: printf %s\n
configure:6705: checking for x86_64-unknown-linux-gnu-ar
configure:6732: result: ar
configure:6813: checking for archiver @FILE support
configure:6830: gcc -c  -fPIC  conftest.c >&5
configure:6830: $? = 0
configure:6833: ar cru libconftest.a @conftest.lst >&5
ar: `u' modifier ignored since `D' is the default (see `U')
configure:6836: $? = 0
configure:6841: ar cru libconftest.a @conftest.lst >&5
ar: `u' modifier ignored since `D' is the default (see `U')
ar: conftest.o: No such file or directory
configure:6844: $? = 1
configure:6856: result: @
configure:6874: checking for x86_64-unknown-linux-gnu-strip
configure:6901: result: strip
configure:6973: checking for x86_64-unknown-linux-gnu-ranlib
configure:7003: result: no
configure:7013: checking for ranlib
configure:7029: found /usr/bin/ranlib
configure:7040: result: ranlib
configure:7142: checking command to parse /usr/bin/nm -B output from gcc object
configure:7262: gcc -c  -fPIC  conftest.c >&5
configure:7265: $? = 0
configure:7269: /usr/bin/nm -B conftest.o \| sed -n -e 's/^.*[ ]\([ABCDGIRSTW][ABCDGIRSTW]*\)[ ][ ]*\([_A-Za-z][_A-Za-z0-9]*\)$/\1 \2 \2/p' | sed '/ __gnu_lto/d' \> conftest.nm
configure:7272: $? = 0
configure:7338: gcc -o conftest  -fPIC   conftest.c conftstm.o >&5
configure:7341: $? = 0
configure:7379: result: ok
configure:7416: checking for sysroot
configure:7446: result: no
configure:7523: gcc -c  -fPIC  conftest.c >&5
configure:7526: $? = 0
configure:7662: checking for x86_64-unknown-linux-gnu-mt
configure:7692: result: no
configure:7702: checking for mt
configure:7718: found /bin/mt
configure:7729: result: mt
configure:7752: checking if mt is a manifest tool
configure:7758: mt '-?'
configure:7766: result: no
configure:8405: checking for dlfcn.h
configure:8405: gcc -c  -fPIC  conftest.c >&5
configure:8405: $? = 0
configure:8405: result: yes
configure:8908: checking for objdir
configure:8923: result: .libs
configure:9194: checking if gcc supports -fno-rtti -fno-exceptions
configure:9212: gcc -c  -fPIC  -fno-rtti -fno-exceptions conftest.c >&5
cc1: warning: command line option '-fno-rtti' is valid for C++/ObjC++ but not for C
configure:9216: $? = 0
configure:9229: result: no
configure:9556: checking for gcc option to produce PIC
configure:9563: result: -fPIC -DPIC
configure:9571: checking if gcc PIC flag -fPIC -DPIC works
configure:9589: gcc -c  -fPIC  -fPIC -DPIC -DPIC conftest.c >&5
configure:9593: $? = 0
configure:9606: result: yes
configure:9635: checking if gcc static flag -static works
configure:9663: result: yes
configure:9678: checking if gcc supports -c -o file.o
configure:9699: gcc -c  -fPIC  -o out/conftest2.o conftest.c >&5
configure:9703: $? = 0
configure:9725: result: yes
configure:9733: checking if gcc supports -c -o file.o
configure:9780: result: yes
configure:9813: checking whether the gcc linker (/usr/bin/ld -m elf_x86_64) supports shared libraries
configure:10966: result: yes
configure:11206: checking dynamic linker characteristics
configure:11717: gcc -o conftest  -fPIC   -Wl,-rpath -Wl,/foo conftest.c  >&5
configure:11717: $? = 0
configure:11939: result: GNU/Linux ld.so
configure:12046: checking how to hardcode library paths into programs
configure:12071: result: immediate
configure:12611: checking whether stripping libraries is possible
configure:12616: result: yes
configure:12651: checking if libtool supports shared libraries
configure:12653: result: yes
configure:12656: checking whether to build shared libraries
configure:12677: result: no
configure:12680: checking whether to build static libraries
configure:12684: result: yes
configure:12898: checking for dirent.h that defines DIR
configure:12917: gcc -c  -fPIC  conftest.c >&5
configure:12917: $? = 0
configure:12925: result: yes
configure:12938: checking for library containing opendir
configure:12969: gcc -o conftest  -fPIC   conftest.c  >&5
configure:12969: $? = 0
configure:12986: result: none required
configure:13053: checking for ANSI C header files
configure:13157: result: yes
configure:13168: checking fcntl.h usability
configure:13168: gcc -c  -fPIC  conftest.c >&5
configure:13168: $? = 0
configure:13168: result: yes
configure:13168: checking fcntl.h presence
configure:13168: gcc -E  conftest.c
configure:13168: $? = 0
configure:13168: result: yes
configure:13168: checking for fcntl.h
configure:13168: result: yes
configure:13168: checking regex.h usability
configure:13168: gcc -c  -fPIC  conftest.c >&5
configure:13168: $? = 0
configure:13168: result: yes
configure:13168: checking regex.h presence
configure:13168: gcc -E  conftest.c
configure:13168: $? = 0
configure:13168: result: yes
configure:13168: checking for regex.h
configure:13168: result: yes
configure:13168: checking for stdlib.h
configure:13168: result: yes
configure:13168: checking for string.h
configure:13168: result: yes
configure:13168: checking for unistd.h
configure:13168: result: yes
configure:13168: checking sys/statvfs.h usability
configure:13168: gcc -c  -fPIC  conftest.c >&5
configure:13168: $? = 0
configure:13168: result: yes
configure:13168: checking sys/statvfs.h presence
configure:13168: gcc -E  conftest.c
configure:13168: $? = 0
configure:13168: result: yes
configure:13168: checking for sys/statvfs.h
configure:13168: result: yes
configure:13168: checking sys/vfs.h usability
configure:13168: gcc -c  -fPIC  conftest.c >&5
configure:13168: $? = 0
configure:13168: result: yes
configure:13168: checking sys/vfs.h presence
configure:13168: gcc -E  conftest.c
configure:13168: $? = 0
configure:13168: result: yes
configure:13168: checking for sys/vfs.h
configure:13168: result: yes
configure:13168: checking sys/statfs.h usability
configure:13168: gcc -c  -fPIC  conftest.c >&5
configure:13168: $? = 0
configure:13168: result: yes
configure:13168: checking sys/statfs.h presence
configure:13168: gcc -E  conftest.c
configure:13168: $? = 0
configure:13168: result: yes
configure:13168: checking for sys/statfs.h
configure:13168: result: yes
configure:13168: checking sys/param.h usability
configure:13168: gcc -c  -fPIC  conftest.c >&5
configure:13168: $? = 0
configure:13168: result: yes
configure:13168: checking sys/param.h presence
configure:13168: gcc -E  conftest.c
configure:13168: $? = 0
configure:13168: result: yes
configure:13168: checking for sys/param.h
configure:13168: result: yes
configure:13168: checking sys/mount.h usability
configure:13168: gcc -c  -fPIC  conftest.c >&5
configure:13168: $? = 0
configure:13168: result: yes
configure:13168: checking sys/mount.h presence
configure:13168: gcc -E  conftest.c
configure:13168: $? = 0
configure:13168: result: yes
configure:13168: checking for sys/mount.h
configure:13168: result: yes
configure:13179: checking for stdint types
configure:13202: gcc -c   conftest.c >&5
configure:13202: $? = 0
configure:13246: result: stdint.h (shortcircuit)
configure:13633: result: make use of stdint.h in src/fcstdint.h (assuming C99 compatible system)
configure:13642: checking for an ANSI C-conforming const
configure:13708: gcc -c  -fPIC  conftest.c >&5
configure:13708: $? = 0
configure:13715: result: yes
configure:13723: checking for inline
configure:13739: gcc -c  -fPIC  conftest.c >&5
configure:13739: $? = 0
configure:13747: result: inline
configure:13766: checking for flexible array members
configure:13789: gcc -c  -fPIC  conftest.c >&5
configure:13789: $? = 0
configure:13796: result: yes
configure:13807: checking for pid_t
configure:13807: gcc -c  -fPIC  conftest.c >&5
configure:13807: $? = 0
configure:13807: gcc -c  -fPIC  conftest.c >&5
conftest.c: In function 'main':
conftest.c:78:20: error: expected expression before ')' token
 if (sizeof ((pid_t)))
                    ^
configure:13807: $? = 1
configure: failed program was:
| /* confdefs.h */
| #define PACKAGE_NAME "fontconfig"
| #define PACKAGE_TARNAME "fontconfig"
| #define PACKAGE_VERSION "2.11.1"
| #define PACKAGE_STRING "fontconfig 2.11.1"
| #define PACKAGE_BUGREPORT "https://bugs.freedesktop.org/enter_bug.cgi?product=fontconfig"
| #define PACKAGE_URL ""
| #define PACKAGE "fontconfig"
| #define VERSION "2.11.1"
| #define STDC_HEADERS 1
| #define HAVE_SYS_TYPES_H 1
| #define HAVE_SYS_STAT_H 1
| #define HAVE_STDLIB_H 1
| #define HAVE_STRING_H 1
| #define HAVE_MEMORY_H 1
| #define HAVE_STRINGS_H 1
| #define HAVE_INTTYPES_H 1
| #define HAVE_STDINT_H 1
| #define HAVE_UNISTD_H 1
| #define __EXTENSIONS__ 1
| #define _ALL_SOURCE 1
| #define _GNU_SOURCE 1
| #define _POSIX_PTHREAD_SEMANTICS 1
| #define _TANDEM_SOURCE 1
| #define HAVE_DLFCN_H 1
| #define LT_OBJDIR ".libs/"
| #define HAVE_WARNING_CPP_DIRECTIVE 1
| #define HAVE_DIRENT_H 1
| #define STDC_HEADERS 1
| #define HAVE_FCNTL_H 1
| #define HAVE_REGEX_H 1
| #define HAVE_STDLIB_H 1
| #define HAVE_STRING_H 1
| #define HAVE_UNISTD_H 1
| #define HAVE_SYS_STATVFS_H 1
| #define HAVE_SYS_VFS_H 1
| #define HAVE_SYS_STATFS_H 1
| #define HAVE_SYS_PARAM_H 1
| #define HAVE_SYS_MOUNT_H 1
| #define FLEXIBLE_ARRAY_MEMBER /**/
| /* end confdefs.h.  */
| #include <stdio.h>
| #ifdef HAVE_SYS_TYPES_H
| # include <sys/types.h>
| #endif
| #ifdef HAVE_SYS_STAT_H
| # include <sys/stat.h>
| #endif
| #ifdef STDC_HEADERS
| # include <stdlib.h>
| # include <stddef.h>
| #else
| # ifdef HAVE_STDLIB_H
| #  include <stdlib.h>
| # endif
| #endif
| #ifdef HAVE_STRING_H
| # if !defined STDC_HEADERS && defined HAVE_MEMORY_H
| #  include <memory.h>
| # endif
| # include <string.h>
| #endif
| #ifdef HAVE_STRINGS_H
| # include <strings.h>
| #endif
| #ifdef HAVE_INTTYPES_H
| # include <inttypes.h>
| #endif
| #ifdef HAVE_STDINT_H
| # include <stdint.h>
| #endif
| #ifdef HAVE_UNISTD_H
| # include <unistd.h>
| #endif
| int
| main ()
| {
| if (sizeof ((pid_t)))
| 	    return 0;
|   ;
|   return 0;
| }
configure:13807: result: yes
configure:13822: checking for vprintf
configure:13822: gcc -o conftest  -fPIC   conftest.c  >&5
conftest.c:65:6: warning: conflicting types for built-in function 'vprintf' [-Wbuiltin-declaration-mismatch]
 char vprintf ();
      ^~~~~~~
configure:13822: $? = 0
configure:13822: result: yes
configure:13828: checking for _doprnt
configure:13828: gcc -o conftest  -fPIC   conftest.c  >&5
/tmp/ccZq81SK.o: In function `main':
conftest.c:(.text+0xa): undefined reference to `_doprnt'
collect2: error: ld returned 1 exit status
configure:13828: $? = 1
configure: failed program was:
| /* confdefs.h */
| #define PACKAGE_NAME "fontconfig"
| #define PACKAGE_TARNAME "fontconfig"
| #define PACKAGE_VERSION "2.11.1"
| #define PACKAGE_STRING "fontconfig 2.11.1"
| #define PACKAGE_BUGREPORT "https://bugs.freedesktop.org/enter_bug.cgi?product=fontconfig"
| #define PACKAGE_URL ""
| #define PACKAGE "fontconfig"
| #define VERSION "2.11.1"
| #define STDC_HEADERS 1
| #define HAVE_SYS_TYPES_H 1
| #define HAVE_SYS_STAT_H 1
| #define HAVE_STDLIB_H 1
| #define HAVE_STRING_H 1
| #define HAVE_MEMORY_H 1
| #define HAVE_STRINGS_H 1
| #define HAVE_INTTYPES_H 1
| #define HAVE_STDINT_H 1
| #define HAVE_UNISTD_H 1
| #define __EXTENSIONS__ 1
| #define _ALL_SOURCE 1
| #define _GNU_SOURCE 1
| #define _POSIX_PTHREAD_SEMANTICS 1
| #define _TANDEM_SOURCE 1
| #define HAVE_DLFCN_H 1
| #define LT_OBJDIR ".libs/"
| #define HAVE_WARNING_CPP_DIRECTIVE 1
| #define HAVE_DIRENT_H 1
| #define STDC_HEADERS 1
| #define HAVE_FCNTL_H 1
| #define HAVE_REGEX_H 1
| #define HAVE_STDLIB_H 1
| #define HAVE_STRING_H 1
| #define HAVE_UNISTD_H 1
| #define HAVE_SYS_STATVFS_H 1
| #define HAVE_SYS_VFS_H 1
| #define HAVE_SYS_STATFS_H 1
| #define HAVE_SYS_PARAM_H 1
| #define HAVE_SYS_MOUNT_H 1
| #define FLEXIBLE_ARRAY_MEMBER /**/
| #define HAVE_VPRINTF 1
| /* end confdefs.h.  */
| /* Define _doprnt to an innocuous variant, in case <limits.h> declares _doprnt.
|    For example, HP-UX 11i <limits.h> declares gettimeofday.  */
| #define _doprnt innocuous__doprnt
| 
| /* System header to define __stub macros and hopefully few prototypes,
|     which can conflict with char _doprnt (); below.
|     Prefer <limits.h> to <assert.h> if __STDC__ is defined, since
|     <limits.h> exists even on freestanding compilers.  */
| 
| #ifdef __STDC__
| # include <limits.h>
| #else
| # include <assert.h>
| #endif
| 
| #undef _doprnt
| 
| /* Override any GCC internal prototype to avoid an error.
|    Use char because int might match the return type of a GCC
|    builtin and then its argument prototype would still apply.  */
| #ifdef __cplusplus
| extern "C"
| #endif
| char _doprnt ();
| /* The GNU C library defines this for functions which it implements
|     to always fail with ENOSYS.  Some functions are actually named
|     something starting with __ and the normal name is an alias.  */
| #if defined __stub__doprnt || defined __stub____doprnt
| choke me
| #endif
| 
| int
| main ()
| {
| return _doprnt ();
|   ;
|   return 0;
| }
configure:13828: result: no
configure:13845: checking for stdlib.h
configure:13845: result: yes
configure:13845: checking for unistd.h
configure:13845: result: yes
configure:13845: checking for sys/param.h
configure:13845: result: yes
configure:13865: checking for getpagesize
configure:13865: gcc -o conftest  -fPIC   conftest.c  >&5
configure:13865: $? = 0
configure:13865: result: yes
configure:13874: checking for working mmap
configure:14021: gcc -o conftest  -fPIC   conftest.c  >&5
configure:14021: $? = 0
configure:14021: ./conftest
configure:14021: $? = 0
configure:14031: result: yes
configure:14043: checking for link
configure:14043: gcc -o conftest  -fPIC   conftest.c  >&5
configure:14043: $? = 0
configure:14043: result: yes
configure:14043: checking for mkstemp
configure:14043: gcc -o conftest  -fPIC   conftest.c  >&5
configure:14043: $? = 0
configure:14043: result: yes
configure:14043: checking for mkostemp
configure:14043: gcc -o conftest  -fPIC   conftest.c  >&5
configure:14043: $? = 0
configure:14043: result: yes
configure:14043: checking for _mktemp_s
configure:14043: gcc -o conftest  -fPIC   conftest.c  >&5
/tmp/ccvV6V36.o: In function `main':
conftest.c:(.text+0xa): undefined reference to `_mktemp_s'
collect2: error: ld returned 1 exit status
configure:14043: $? = 1
configure: failed program was:
| /* confdefs.h */
| #define PACKAGE_NAME "fontconfig"
| #define PACKAGE_TARNAME "fontconfig"
| #define PACKAGE_VERSION "2.11.1"
| #define PACKAGE_STRING "fontconfig 2.11.1"
| #define PACKAGE_BUGREPORT "https://bugs.freedesktop.org/enter_bug.cgi?product=fontconfig"
| #define PACKAGE_URL ""
| #define PACKAGE "fontconfig"
| #define VERSION "2.11.1"
| #define STDC_HEADERS 1
| #define HAVE_SYS_TYPES_H 1
| #define HAVE_SYS_STAT_H 1
| #define HAVE_STDLIB_H 1
| #define HAVE_STRING_H 1
| #define HAVE_MEMORY_H 1
| #define HAVE_STRINGS_H 1
| #define HAVE_INTTYPES_H 1
| #define HAVE_STDINT_H 1
| #define HAVE_UNISTD_H 1
| #define __EXTENSIONS__ 1
| #define _ALL_SOURCE 1
| #define _GNU_SOURCE 1
| #define _POSIX_PTHREAD_SEMANTICS 1
| #define _TANDEM_SOURCE 1
| #define HAVE_DLFCN_H 1
| #define LT_OBJDIR ".libs/"
| #define HAVE_WARNING_CPP_DIRECTIVE 1
| #define HAVE_DIRENT_H 1
| #define STDC_HEADERS 1
| #define HAVE_FCNTL_H 1
| #define HAVE_REGEX_H 1
| #define HAVE_STDLIB_H 1
| #define HAVE_STRING_H 1
| #define HAVE_UNISTD_H 1
| #define HAVE_SYS_STATVFS_H 1
| #define HAVE_SYS_VFS_H 1
| #define HAVE_SYS_STATFS_H 1
| #define HAVE_SYS_PARAM_H 1
| #define HAVE_SYS_MOUNT_H 1
| #define FLEXIBLE_ARRAY_MEMBER /**/
| #define HAVE_VPRINTF 1
| #define HAVE_STDLIB_H 1
| #define HAVE_UNISTD_H 1
| #define HAVE_SYS_PARAM_H 1
| #define HAVE_GETPAGESIZE 1
| #define HAVE_MMAP 1
| #define HAVE_LINK 1
| #define HAVE_MKSTEMP 1
| #define HAVE_MKOSTEMP 1
| /* end confdefs.h.  */
| /* Define _mktemp_s to an innocuous variant, in case <limits.h> declares _mktemp_s.
|    For example, HP-UX 11i <limits.h> declares gettimeofday.  */
| #define _mktemp_s innocuous__mktemp_s
| 
| /* System header to define __stub macros and hopefully few prototypes,
|     which can conflict with char _mktemp_s (); below.
|     Prefer <limits.h> to <assert.h> if __STDC__ is defined, since
|     <limits.h> exists even on freestanding compilers.  */
| 
| #ifdef __STDC__
| # include <limits.h>
| #else
| # include <assert.h>
| #endif
| 
| #undef _mktemp_s
| 
| /* Override any GCC internal prototype to avoid an error.
|    Use char because int might match the return type of a GCC
|    builtin and then its argument prototype would still apply.  */
| #ifdef __cplusplus
| extern "C"
| #endif
| char _mktemp_s ();
| /* The GNU C library defines this for functions which it implements
|     to always fail with ENOSYS.  Some functions are actually named
|     something starting with __ and the normal name is an alias.  */
| #if defined __stub__mktemp_s || defined __stub____mktemp_s
| choke me
| #endif
| 
| int
| main ()
| {
| return _mktemp_s ();
|   ;
|   return 0;
| }
configure:14043: result: no
configure:14043: checking for mkdtemp
configure:14043: gcc -o conftest  -fPIC   conftest.c  >&5
configure:14043: $? = 0
configure:14043: result: yes
configure:14043: checking for getopt
configure:14043: gcc -o conftest  -fPIC   conftest.c  >&5
configure:14043: $? = 0
configure:14043: result: yes
configure:14043: checking for getopt_long
configure:14043: gcc -o conftest  -fPIC   conftest.c  >&5
configure:14043: $? = 0
configure:14043: result: yes
configure:14043: checking for getprogname
configure:14043: gcc -o conftest  -fPIC   conftest.c  >&5
/tmp/ccI1J4xj.o: In function `main':
conftest.c:(.text+0xa): undefined reference to `getprogname'
collect2: error: ld returned 1 exit status
configure:14043: $? = 1
configure: failed program was:
| /* confdefs.h */
| #define PACKAGE_NAME "fontconfig"
| #define PACKAGE_TARNAME "fontconfig"
| #define PACKAGE_VERSION "2.11.1"
| #define PACKAGE_STRING "fontconfig 2.11.1"
| #define PACKAGE_BUGREPORT "https://bugs.freedesktop.org/enter_bug.cgi?product=fontconfig"
| #define PACKAGE_URL ""
| #define PACKAGE "fontconfig"
| #define VERSION "2.11.1"
| #define STDC_HEADERS 1
| #define HAVE_SYS_TYPES_H 1
| #define HAVE_SYS_STAT_H 1
| #define HAVE_STDLIB_H 1
| #define HAVE_STRING_H 1
| #define HAVE_MEMORY_H 1
| #define HAVE_STRINGS_H 1
| #define HAVE_INTTYPES_H 1
| #define HAVE_STDINT_H 1
| #define HAVE_UNISTD_H 1
| #define __EXTENSIONS__ 1
| #define _ALL_SOURCE 1
| #define _GNU_SOURCE 1
| #define _POSIX_PTHREAD_SEMANTICS 1
| #define _TANDEM_SOURCE 1
| #define HAVE_DLFCN_H 1
| #define LT_OBJDIR ".libs/"
| #define HAVE_WARNING_CPP_DIRECTIVE 1
| #define HAVE_DIRENT_H 1
| #define STDC_HEADERS 1
| #define HAVE_FCNTL_H 1
| #define HAVE_REGEX_H 1
| #define HAVE_STDLIB_H 1
| #define HAVE_STRING_H 1
| #define HAVE_UNISTD_H 1
| #define HAVE_SYS_STATVFS_H 1
| #define HAVE_SYS_VFS_H 1
| #define HAVE_SYS_STATFS_H 1
| #define HAVE_SYS_PARAM_H 1
| #define HAVE_SYS_MOUNT_H 1
| #define FLEXIBLE_ARRAY_MEMBER /**/
| #define HAVE_VPRINTF 1
| #define HAVE_STDLIB_H 1
| #define HAVE_UNISTD_H 1
| #define HAVE_SYS_PARAM_H 1
| #define HAVE_GETPAGESIZE 1
| #define HAVE_MMAP 1
| #define HAVE_LINK 1
| #define HAVE_MKSTEMP 1
| #define HAVE_MKOSTEMP 1
| #define HAVE_MKDTEMP 1
| #define HAVE_GETOPT 1
| #define HAVE_GETOPT_LONG 1
| /* end confdefs.h.  */
| /* Define getprogname to an innocuous variant, in case <limits.h> declares getprogname.
|    For example, HP-UX 11i <limits.h> declares gettimeofday.  */
| #define getprogname innocuous_getprogname
| 
| /* System header to define __stub macros and hopefully few prototypes,
|     which can conflict with char getprogname (); below.
|     Prefer <limits.h> to <assert.h> if __STDC__ is defined, since
|     <limits.h> exists even on freestanding compilers.  */
| 
| #ifdef __STDC__
| # include <limits.h>
| #else
| # include <assert.h>
| #endif
| 
| #undef getprogname
| 
| /* Override any GCC internal prototype to avoid an error.
|    Use char because int might match the return type of a GCC
|    builtin and then its argument prototype would still apply.  */
| #ifdef __cplusplus
| extern "C"
| #endif
| char getprogname ();
| /* The GNU C library defines this for functions which it implements
|     to always fail with ENOSYS.  Some functions are actually named
|     something starting with __ and the normal name is an alias.  */
| #if defined __stub_getprogname || defined __stub___getprogname
| choke me
| #endif
| 
| int
| main ()
| {
| return getprogname ();
|   ;
|   return 0;
| }
configure:14043: result: no
configure:14043: checking for getexecname
configure:14043: gcc -o conftest  -fPIC   conftest.c  >&5
/tmp/cc46DOVl.o: In function `main':
conftest.c:(.text+0xa): undefined reference to `getexecname'
collect2: error: ld returned 1 exit status
configure:14043: $? = 1
configure: failed program was:
| /* confdefs.h */
| #define PACKAGE_NAME "fontconfig"
| #define PACKAGE_TARNAME "fontconfig"
| #define PACKAGE_VERSION "2.11.1"
| #define PACKAGE_STRING "fontconfig 2.11.1"
| #define PACKAGE_BUGREPORT "https://bugs.freedesktop.org/enter_bug.cgi?product=fontconfig"
| #define PACKAGE_URL ""
| #define PACKAGE "fontconfig"
| #define VERSION "2.11.1"
| #define STDC_HEADERS 1
| #define HAVE_SYS_TYPES_H 1
| #define HAVE_SYS_STAT_H 1
| #define HAVE_STDLIB_H 1
| #define HAVE_STRING_H 1
| #define HAVE_MEMORY_H 1
| #define HAVE_STRINGS_H 1
| #define HAVE_INTTYPES_H 1
| #define HAVE_STDINT_H 1
| #define HAVE_UNISTD_H 1
| #define __EXTENSIONS__ 1
| #define _ALL_SOURCE 1
| #define _GNU_SOURCE 1
| #define _POSIX_PTHREAD_SEMANTICS 1
| #define _TANDEM_SOURCE 1
| #define HAVE_DLFCN_H 1
| #define LT_OBJDIR ".libs/"
| #define HAVE_WARNING_CPP_DIRECTIVE 1
| #define HAVE_DIRENT_H 1
| #define STDC_HEADERS 1
| #define HAVE_FCNTL_H 1
| #define HAVE_REGEX_H 1
| #define HAVE_STDLIB_H 1
| #define HAVE_STRING_H 1
| #define HAVE_UNISTD_H 1
| #define HAVE_SYS_STATVFS_H 1
| #define HAVE_SYS_VFS_H 1
| #define HAVE_SYS_STATFS_H 1
| #define HAVE_SYS_PARAM_H 1
| #define HAVE_SYS_MOUNT_H 1
| #define FLEXIBLE_ARRAY_MEMBER /**/
| #define HAVE_VPRINTF 1
| #define HAVE_STDLIB_H 1
| #define HAVE_UNISTD_H 1
| #define HAVE_SYS_PARAM_H 1
| #define HAVE_GETPAGESIZE 1
| #define HAVE_MMAP 1
| #define HAVE_LINK 1
| #define HAVE_MKSTEMP 1
| #define HAVE_MKOSTEMP 1
| #define HAVE_MKDTEMP 1
| #define HAVE_GETOPT 1
| #define HAVE_GETOPT_LONG 1
| /* end confdefs.h.  */
| /* Define getexecname to an innocuous variant, in case <limits.h> declares getexecname.
|    For example, HP-UX 11i <limits.h> declares gettimeofday.  */
| #define getexecname innocuous_getexecname
| 
| /* System header to define __stub macros and hopefully few prototypes,
|     which can conflict with char getexecname (); below.
|     Prefer <limits.h> to <assert.h> if __STDC__ is defined, since
|     <limits.h> exists even on freestanding compilers.  */
| 
| #ifdef __STDC__
| # include <limits.h>
| #else
| # include <assert.h>
| #endif
| 
| #undef getexecname
| 
| /* Override any GCC internal prototype to avoid an error.
|    Use char because int might match the return type of a GCC
|    builtin and then its argument prototype would still apply.  */
| #ifdef __cplusplus
| extern "C"
| #endif
| char getexecname ();
| /* The GNU C library defines this for functions which it implements
|     to always fail with ENOSYS.  Some functions are actually named
|     something starting with __ and the normal name is an alias.  */
| #if defined __stub_getexecname || defined __stub___getexecname
| choke me
| #endif
| 
| int
| main ()
| {
| return getexecname ();
|   ;
|   return 0;
| }
configure:14043: result: no
configure:14043: checking for rand
configure:14043: gcc -o conftest  -fPIC   conftest.c  >&5
configure:14043: $? = 0
configure:14043: result: yes
configure:14043: checking for random
configure:14043: gcc -o conftest  -fPIC   conftest.c  >&5
configure:14043: $? = 0
configure:14043: result: yes
configure:14043: checking for lrand48
configure:14043: gcc -o conftest  -fPIC   conftest.c  >&5
configure:14043: $? = 0
configure:14043: result: yes
configure:14043: checking for random_r
configure:14043: gcc -o conftest  -fPIC   conftest.c  >&5
configure:14043: $? = 0
configure:14043: result: yes
configure:14043: checking for rand_r
configure:14043: gcc -o conftest  -fPIC   conftest.c  >&5
configure:14043: $? = 0
configure:14043: result: yes
configure:14043: checking for readlink
configure:14043: gcc -o conftest  -fPIC   conftest.c  >&5
configure:14043: $? = 0
configure:14043: result: yes
configure:14043: checking for regcomp
configure:14043: gcc -o conftest  -fPIC   conftest.c  >&5
configure:14043: $? = 0
configure:14043: result: yes
configure:14043: checking for regerror
configure:14043: gcc -o conftest  -fPIC   conftest.c  >&5
configure:14043: $? = 0
configure:14043: result: yes
configure:14043: checking for regexec
configure:14043: gcc -o conftest  -fPIC   conftest.c  >&5
configure:14043: $? = 0
configure:14043: result: yes
configure:14043: checking for regfree
configure:14043: gcc -o conftest  -fPIC   conftest.c  >&5
configure:14043: $? = 0
configure:14043: result: yes
configure:14043: checking for fstatvfs
configure:14043: gcc -o conftest  -fPIC   conftest.c  >&5
configure:14043: $? = 0
configure:14043: result: yes
configure:14043: checking for fstatfs
configure:14043: gcc -o conftest  -fPIC   conftest.c  >&5
configure:14043: $? = 0
configure:14043: result: yes
configure:14043: checking for lstat
configure:14043: gcc -o conftest  -fPIC   conftest.c  >&5
configure:14043: $? = 0
configure:14043: result: yes
configure:14053: checking for posix_fadvise in fcntl.h
configure:14079: result: fcntl.h
configure:14096: checking for scandir
configure:14118: gcc -c  -fPIC -Wall -Wpointer-arith -Wstrict-prototypes 	-Wmissing-prototypes -Wmissing-declarations 	-Wnested-externs -fno-strict-aliasing  conftest.c >&5
configure:14118: $? = 0
configure:14120: result: yes
configure:14169: checking for struct statvfs.f_basetype
configure:14169: gcc -c  -fPIC  conftest.c >&5
conftest.c: In function 'main':
conftest.c:75:13: error: 'struct statvfs' has no member named 'f_basetype'; did you mean 'f_bsize'?
 if (ac_aggr.f_basetype)
             ^~~~~~~~~~
             f_bsize
configure:14169: $? = 1
configure: failed program was:
| /* confdefs.h */
| #define PACKAGE_NAME "fontconfig"
| #define PACKAGE_TARNAME "fontconfig"
| #define PACKAGE_VERSION "2.11.1"
| #define PACKAGE_STRING "fontconfig 2.11.1"
| #define PACKAGE_BUGREPORT "https://bugs.freedesktop.org/enter_bug.cgi?product=fontconfig"
| #define PACKAGE_URL ""
| #define PACKAGE "fontconfig"
| #define VERSION "2.11.1"
| #define STDC_HEADERS 1
| #define HAVE_SYS_TYPES_H 1
| #define HAVE_SYS_STAT_H 1
| #define HAVE_STDLIB_H 1
| #define HAVE_STRING_H 1
| #define HAVE_MEMORY_H 1
| #define HAVE_STRINGS_H 1
| #define HAVE_INTTYPES_H 1
| #define HAVE_STDINT_H 1
| #define HAVE_UNISTD_H 1
| #define __EXTENSIONS__ 1
| #define _ALL_SOURCE 1
| #define _GNU_SOURCE 1
| #define _POSIX_PTHREAD_SEMANTICS 1
| #define _TANDEM_SOURCE 1
| #define HAVE_DLFCN_H 1
| #define LT_OBJDIR ".libs/"
| #define HAVE_WARNING_CPP_DIRECTIVE 1
| #define HAVE_DIRENT_H 1
| #define STDC_HEADERS 1
| #define HAVE_FCNTL_H 1
| #define HAVE_REGEX_H 1
| #define HAVE_STDLIB_H 1
| #define HAVE_STRING_H 1
| #define HAVE_UNISTD_H 1
| #define HAVE_SYS_STATVFS_H 1
| #define HAVE_SYS_VFS_H 1
| #define HAVE_SYS_STATFS_H 1
| #define HAVE_SYS_PARAM_H 1
| #define HAVE_SYS_MOUNT_H 1
| #define FLEXIBLE_ARRAY_MEMBER /**/
| #define HAVE_VPRINTF 1
| #define HAVE_STDLIB_H 1
| #define HAVE_UNISTD_H 1
| #define HAVE_SYS_PARAM_H 1
| #define HAVE_GETPAGESIZE 1
| #define HAVE_MMAP 1
| #define HAVE_LINK 1
| #define HAVE_MKSTEMP 1
| #define HAVE_MKOSTEMP 1
| #define HAVE_MKDTEMP 1
| #define HAVE_GETOPT 1
| #define HAVE_GETOPT_LONG 1
| #define HAVE_RAND 1
| #define HAVE_RANDOM 1
| #define HAVE_LRAND48 1
| #define HAVE_RANDOM_R 1
| #define HAVE_RAND_R 1
| #define HAVE_READLINK 1
| #define HAVE_REGCOMP 1
| #define HAVE_REGERROR 1
| #define HAVE_REGEXEC 1
| #define HAVE_REGFREE 1
| #define HAVE_FSTATVFS 1
| #define HAVE_FSTATFS 1
| #define HAVE_LSTAT 1
| #define HAVE_POSIX_FADVISE 1
| #define HAVE_SCANDIR 1
| /* end confdefs.h.  */
| #include <sys/statvfs.h>
| 
| int
| main ()
| {
| static struct statvfs ac_aggr;
| if (ac_aggr.f_basetype)
| return 0;
|   ;
|   return 0;
| }
configure:14169: gcc -c  -fPIC  conftest.c >&5
conftest.c: In function 'main':
conftest.c:75:20: error: 'struct statvfs' has no member named 'f_basetype'; did you mean 'f_bsize'?
 if (sizeof ac_aggr.f_basetype)
                    ^~~~~~~~~~
                    f_bsize
configure:14169: $? = 1
configure: failed program was:
| /* confdefs.h */
| #define PACKAGE_NAME "fontconfig"
| #define PACKAGE_TARNAME "fontconfig"
| #define PACKAGE_VERSION "2.11.1"
| #define PACKAGE_STRING "fontconfig 2.11.1"
| #define PACKAGE_BUGREPORT "https://bugs.freedesktop.org/enter_bug.cgi?product=fontconfig"
| #define PACKAGE_URL ""
| #define PACKAGE "fontconfig"
| #define VERSION "2.11.1"
| #define STDC_HEADERS 1
| #define HAVE_SYS_TYPES_H 1
| #define HAVE_SYS_STAT_H 1
| #define HAVE_STDLIB_H 1
| #define HAVE_STRING_H 1
| #define HAVE_MEMORY_H 1
| #define HAVE_STRINGS_H 1
| #define HAVE_INTTYPES_H 1
| #define HAVE_STDINT_H 1
| #define HAVE_UNISTD_H 1
| #define __EXTENSIONS__ 1
| #define _ALL_SOURCE 1
| #define _GNU_SOURCE 1
| #define _POSIX_PTHREAD_SEMANTICS 1
| #define _TANDEM_SOURCE 1
| #define HAVE_DLFCN_H 1
| #define LT_OBJDIR ".libs/"
| #define HAVE_WARNING_CPP_DIRECTIVE 1
| #define HAVE_DIRENT_H 1
| #define STDC_HEADERS 1
| #define HAVE_FCNTL_H 1
| #define HAVE_REGEX_H 1
| #define HAVE_STDLIB_H 1
| #define HAVE_STRING_H 1
| #define HAVE_UNISTD_H 1
| #define HAVE_SYS_STATVFS_H 1
| #define HAVE_SYS_VFS_H 1
| #define HAVE_SYS_STATFS_H 1
| #define HAVE_SYS_PARAM_H 1
| #define HAVE_SYS_MOUNT_H 1
| #define FLEXIBLE_ARRAY_MEMBER /**/
| #define HAVE_VPRINTF 1
| #define HAVE_STDLIB_H 1
| #define HAVE_UNISTD_H 1
| #define HAVE_SYS_PARAM_H 1
| #define HAVE_GETPAGESIZE 1
| #define HAVE_MMAP 1
| #define HAVE_LINK 1
| #define HAVE_MKSTEMP 1
| #define HAVE_MKOSTEMP 1
| #define HAVE_MKDTEMP 1
| #define HAVE_GETOPT 1
| #define HAVE_GETOPT_LONG 1
| #define HAVE_RAND 1
| #define HAVE_RANDOM 1
| #define HAVE_LRAND48 1
| #define HAVE_RANDOM_R 1
| #define HAVE_RAND_R 1
| #define HAVE_READLINK 1
| #define HAVE_REGCOMP 1
| #define HAVE_REGERROR 1
| #define HAVE_REGEXEC 1
| #define HAVE_REGFREE 1
| #define HAVE_FSTATVFS 1
| #define HAVE_FSTATFS 1
| #define HAVE_LSTAT 1
| #define HAVE_POSIX_FADVISE 1
| #define HAVE_SCANDIR 1
| /* end confdefs.h.  */
| #include <sys/statvfs.h>
| 
| int
| main ()
| {
| static struct statvfs ac_aggr;
| if (sizeof ac_aggr.f_basetype)
| return 0;
|   ;
|   return 0;
| }
configure:14169: result: no
configure:14179: checking for struct statvfs.f_fstypename
configure:14179: gcc -c  -fPIC  conftest.c >&5
conftest.c: In function 'main':
conftest.c:75:12: error: 'struct statvfs' has no member named 'f_fstypename'
 if (ac_aggr.f_fstypename)
            ^
configure:14179: $? = 1
configure: failed program was:
| /* confdefs.h */
| #define PACKAGE_NAME "fontconfig"
| #define PACKAGE_TARNAME "fontconfig"
| #define PACKAGE_VERSION "2.11.1"
| #define PACKAGE_STRING "fontconfig 2.11.1"
| #define PACKAGE_BUGREPORT "https://bugs.freedesktop.org/enter_bug.cgi?product=fontconfig"
| #define PACKAGE_URL ""
| #define PACKAGE "fontconfig"
| #define VERSION "2.11.1"
| #define STDC_HEADERS 1
| #define HAVE_SYS_TYPES_H 1
| #define HAVE_SYS_STAT_H 1
| #define HAVE_STDLIB_H 1
| #define HAVE_STRING_H 1
| #define HAVE_MEMORY_H 1
| #define HAVE_STRINGS_H 1
| #define HAVE_INTTYPES_H 1
| #define HAVE_STDINT_H 1
| #define HAVE_UNISTD_H 1
| #define __EXTENSIONS__ 1
| #define _ALL_SOURCE 1
| #define _GNU_SOURCE 1
| #define _POSIX_PTHREAD_SEMANTICS 1
| #define _TANDEM_SOURCE 1
| #define HAVE_DLFCN_H 1
| #define LT_OBJDIR ".libs/"
| #define HAVE_WARNING_CPP_DIRECTIVE 1
| #define HAVE_DIRENT_H 1
| #define STDC_HEADERS 1
| #define HAVE_FCNTL_H 1
| #define HAVE_REGEX_H 1
| #define HAVE_STDLIB_H 1
| #define HAVE_STRING_H 1
| #define HAVE_UNISTD_H 1
| #define HAVE_SYS_STATVFS_H 1
| #define HAVE_SYS_VFS_H 1
| #define HAVE_SYS_STATFS_H 1
| #define HAVE_SYS_PARAM_H 1
| #define HAVE_SYS_MOUNT_H 1
| #define FLEXIBLE_ARRAY_MEMBER /**/
| #define HAVE_VPRINTF 1
| #define HAVE_STDLIB_H 1
| #define HAVE_UNISTD_H 1
| #define HAVE_SYS_PARAM_H 1
| #define HAVE_GETPAGESIZE 1
| #define HAVE_MMAP 1
| #define HAVE_LINK 1
| #define HAVE_MKSTEMP 1
| #define HAVE_MKOSTEMP 1
| #define HAVE_MKDTEMP 1
| #define HAVE_GETOPT 1
| #define HAVE_GETOPT_LONG 1
| #define HAVE_RAND 1
| #define HAVE_RANDOM 1
| #define HAVE_LRAND48 1
| #define HAVE_RANDOM_R 1
| #define HAVE_RAND_R 1
| #define HAVE_READLINK 1
| #define HAVE_REGCOMP 1
| #define HAVE_REGERROR 1
| #define HAVE_REGEXEC 1
| #define HAVE_REGFREE 1
| #define HAVE_FSTATVFS 1
| #define HAVE_FSTATFS 1
| #define HAVE_LSTAT 1
| #define HAVE_POSIX_FADVISE 1
| #define HAVE_SCANDIR 1
| /* end confdefs.h.  */
| #include <sys/statvfs.h>
| 
| int
| main ()
| {
| static struct statvfs ac_aggr;
| if (ac_aggr.f_fstypename)
| return 0;
|   ;
|   return 0;
| }
configure:14179: gcc -c  -fPIC  conftest.c >&5
conftest.c: In function 'main':
conftest.c:75:19: error: 'struct statvfs' has no member named 'f_fstypename'
 if (sizeof ac_aggr.f_fstypename)
                   ^
configure:14179: $? = 1
configure: failed program was:
| /* confdefs.h */
| #define PACKAGE_NAME "fontconfig"
| #define PACKAGE_TARNAME "fontconfig"
| #define PACKAGE_VERSION "2.11.1"
| #define PACKAGE_STRING "fontconfig 2.11.1"
| #define PACKAGE_BUGREPORT "https://bugs.freedesktop.org/enter_bug.cgi?product=fontconfig"
| #define PACKAGE_URL ""
| #define PACKAGE "fontconfig"
| #define VERSION "2.11.1"
| #define STDC_HEADERS 1
| #define HAVE_SYS_TYPES_H 1
| #define HAVE_SYS_STAT_H 1
| #define HAVE_STDLIB_H 1
| #define HAVE_STRING_H 1
| #define HAVE_MEMORY_H 1
| #define HAVE_STRINGS_H 1
| #define HAVE_INTTYPES_H 1
| #define HAVE_STDINT_H 1
| #define HAVE_UNISTD_H 1
| #define __EXTENSIONS__ 1
| #define _ALL_SOURCE 1
| #define _GNU_SOURCE 1
| #define _POSIX_PTHREAD_SEMANTICS 1
| #define _TANDEM_SOURCE 1
| #define HAVE_DLFCN_H 1
| #define LT_OBJDIR ".libs/"
| #define HAVE_WARNING_CPP_DIRECTIVE 1
| #define HAVE_DIRENT_H 1
| #define STDC_HEADERS 1
| #define HAVE_FCNTL_H 1
| #define HAVE_REGEX_H 1
| #define HAVE_STDLIB_H 1
| #define HAVE_STRING_H 1
| #define HAVE_UNISTD_H 1
| #define HAVE_SYS_STATVFS_H 1
| #define HAVE_SYS_VFS_H 1
| #define HAVE_SYS_STATFS_H 1
| #define HAVE_SYS_PARAM_H 1
| #define HAVE_SYS_MOUNT_H 1
| #define FLEXIBLE_ARRAY_MEMBER /**/
| #define HAVE_VPRINTF 1
| #define HAVE_STDLIB_H 1
| #define HAVE_UNISTD_H 1
| #define HAVE_SYS_PARAM_H 1
| #define HAVE_GETPAGESIZE 1
| #define HAVE_MMAP 1
| #define HAVE_LINK 1
| #define HAVE_MKSTEMP 1
| #define HAVE_MKOSTEMP 1
| #define HAVE_MKDTEMP 1
| #define HAVE_GETOPT 1
| #define HAVE_GETOPT_LONG 1
| #define HAVE_RAND 1
| #define HAVE_RANDOM 1
| #define HAVE_LRAND48 1
| #define HAVE_RANDOM_R 1
| #define HAVE_RAND_R 1
| #define HAVE_READLINK 1
| #define HAVE_REGCOMP 1
| #define HAVE_REGERROR 1
| #define HAVE_REGEXEC 1
| #define HAVE_REGFREE 1
| #define HAVE_FSTATVFS 1
| #define HAVE_FSTATFS 1
| #define HAVE_LSTAT 1
| #define HAVE_POSIX_FADVISE 1
| #define HAVE_SCANDIR 1
| /* end confdefs.h.  */
| #include <sys/statvfs.h>
| 
| int
| main ()
| {
| static struct statvfs ac_aggr;
| if (sizeof ac_aggr.f_fstypename)
| return 0;
|   ;
|   return 0;
| }
configure:14179: result: no
configure:14192: checking for struct statfs.f_flags
configure:14192: gcc -c  -fPIC  conftest.c >&5
configure:14192: $? = 0
configure:14192: result: yes
configure:14214: checking for struct statfs.f_fstypename
configure:14214: gcc -c  -fPIC  conftest.c >&5
conftest.c: In function 'main':
conftest.c:88:13: error: 'struct statfs' has no member named 'f_fstypename'; did you mean 'f_type'?
 if (ac_aggr.f_fstypename)
             ^~~~~~~~~~~~
             f_type
configure:14214: $? = 1
configure: failed program was:
| /* confdefs.h */
| #define PACKAGE_NAME "fontconfig"
| #define PACKAGE_TARNAME "fontconfig"
| #define PACKAGE_VERSION "2.11.1"
| #define PACKAGE_STRING "fontconfig 2.11.1"
| #define PACKAGE_BUGREPORT "https://bugs.freedesktop.org/enter_bug.cgi?product=fontconfig"
| #define PACKAGE_URL ""
| #define PACKAGE "fontconfig"
| #define VERSION "2.11.1"
| #define STDC_HEADERS 1
| #define HAVE_SYS_TYPES_H 1
| #define HAVE_SYS_STAT_H 1
| #define HAVE_STDLIB_H 1
| #define HAVE_STRING_H 1
| #define HAVE_MEMORY_H 1
| #define HAVE_STRINGS_H 1
| #define HAVE_INTTYPES_H 1
| #define HAVE_STDINT_H 1
| #define HAVE_UNISTD_H 1
| #define __EXTENSIONS__ 1
| #define _ALL_SOURCE 1
| #define _GNU_SOURCE 1
| #define _POSIX_PTHREAD_SEMANTICS 1
| #define _TANDEM_SOURCE 1
| #define HAVE_DLFCN_H 1
| #define LT_OBJDIR ".libs/"
| #define HAVE_WARNING_CPP_DIRECTIVE 1
| #define HAVE_DIRENT_H 1
| #define STDC_HEADERS 1
| #define HAVE_FCNTL_H 1
| #define HAVE_REGEX_H 1
| #define HAVE_STDLIB_H 1
| #define HAVE_STRING_H 1
| #define HAVE_UNISTD_H 1
| #define HAVE_SYS_STATVFS_H 1
| #define HAVE_SYS_VFS_H 1
| #define HAVE_SYS_STATFS_H 1
| #define HAVE_SYS_PARAM_H 1
| #define HAVE_SYS_MOUNT_H 1
| #define FLEXIBLE_ARRAY_MEMBER /**/
| #define HAVE_VPRINTF 1
| #define HAVE_STDLIB_H 1
| #define HAVE_UNISTD_H 1
| #define HAVE_SYS_PARAM_H 1
| #define HAVE_GETPAGESIZE 1
| #define HAVE_MMAP 1
| #define HAVE_LINK 1
| #define HAVE_MKSTEMP 1
| #define HAVE_MKOSTEMP 1
| #define HAVE_MKDTEMP 1
| #define HAVE_GETOPT 1
| #define HAVE_GETOPT_LONG 1
| #define HAVE_RAND 1
| #define HAVE_RANDOM 1
| #define HAVE_LRAND48 1
| #define HAVE_RANDOM_R 1
| #define HAVE_RAND_R 1
| #define HAVE_READLINK 1
| #define HAVE_REGCOMP 1
| #define HAVE_REGERROR 1
| #define HAVE_REGEXEC 1
| #define HAVE_REGFREE 1
| #define HAVE_FSTATVFS 1
| #define HAVE_FSTATFS 1
| #define HAVE_LSTAT 1
| #define HAVE_POSIX_FADVISE 1
| #define HAVE_SCANDIR 1
| #define HAVE_STRUCT_STATFS_F_FLAGS 1
| /* end confdefs.h.  */
| 
| #ifdef HAVE_SYS_VFS_H
| #include <sys/vfs.h>
| #endif
| #ifdef HAVE_SYS_STATFS_H
| #include <sys/statfs.h>
| #endif
| #ifdef HAVE_SYS_PARAM_H
| #include <sys/param.h>
| #endif
| #ifdef HAVE_SYS_MOUNT_H
| #include <sys/mount.h>
| #endif
| 
| int
| main ()
| {
| static struct statfs ac_aggr;
| if (ac_aggr.f_fstypename)
| return 0;
|   ;
|   return 0;
| }
configure:14214: gcc -c  -fPIC  conftest.c >&5
conftest.c: In function 'main':
conftest.c:88:20: error: 'struct statfs' has no member named 'f_fstypename'; did you mean 'f_type'?
 if (sizeof ac_aggr.f_fstypename)
                    ^~~~~~~~~~~~
                    f_type
configure:14214: $? = 1
configure: failed program was:
| /* confdefs.h */
| #define PACKAGE_NAME "fontconfig"
| #define PACKAGE_TARNAME "fontconfig"
| #define PACKAGE_VERSION "2.11.1"
| #define PACKAGE_STRING "fontconfig 2.11.1"
| #define PACKAGE_BUGREPORT "https://bugs.freedesktop.org/enter_bug.cgi?product=fontconfig"
| #define PACKAGE_URL ""
| #define PACKAGE "fontconfig"
| #define VERSION "2.11.1"
| #define STDC_HEADERS 1
| #define HAVE_SYS_TYPES_H 1
| #define HAVE_SYS_STAT_H 1
| #define HAVE_STDLIB_H 1
| #define HAVE_STRING_H 1
| #define HAVE_MEMORY_H 1
| #define HAVE_STRINGS_H 1
| #define HAVE_INTTYPES_H 1
| #define HAVE_STDINT_H 1
| #define HAVE_UNISTD_H 1
| #define __EXTENSIONS__ 1
| #define _ALL_SOURCE 1
| #define _GNU_SOURCE 1
| #define _POSIX_PTHREAD_SEMANTICS 1
| #define _TANDEM_SOURCE 1
| #define HAVE_DLFCN_H 1
| #define LT_OBJDIR ".libs/"
| #define HAVE_WARNING_CPP_DIRECTIVE 1
| #define HAVE_DIRENT_H 1
| #define STDC_HEADERS 1
| #define HAVE_FCNTL_H 1
| #define HAVE_REGEX_H 1
| #define HAVE_STDLIB_H 1
| #define HAVE_STRING_H 1
| #define HAVE_UNISTD_H 1
| #define HAVE_SYS_STATVFS_H 1
| #define HAVE_SYS_VFS_H 1
| #define HAVE_SYS_STATFS_H 1
| #define HAVE_SYS_PARAM_H 1
| #define HAVE_SYS_MOUNT_H 1
| #define FLEXIBLE_ARRAY_MEMBER /**/
| #define HAVE_VPRINTF 1
| #define HAVE_STDLIB_H 1
| #define HAVE_UNISTD_H 1
| #define HAVE_SYS_PARAM_H 1
| #define HAVE_GETPAGESIZE 1
| #define HAVE_MMAP 1
| #define HAVE_LINK 1
| #define HAVE_MKSTEMP 1
| #define HAVE_MKOSTEMP 1
| #define HAVE_MKDTEMP 1
| #define HAVE_GETOPT 1
| #define HAVE_GETOPT_LONG 1
| #define HAVE_RAND 1
| #define HAVE_RANDOM 1
| #define HAVE_LRAND48 1
| #define HAVE_RANDOM_R 1
| #define HAVE_RAND_R 1
| #define HAVE_READLINK 1
| #define HAVE_REGCOMP 1
| #define HAVE_REGERROR 1
| #define HAVE_REGEXEC 1
| #define HAVE_REGFREE 1
| #define HAVE_FSTATVFS 1
| #define HAVE_FSTATFS 1
| #define HAVE_LSTAT 1
| #define HAVE_POSIX_FADVISE 1
| #define HAVE_SCANDIR 1
| #define HAVE_STRUCT_STATFS_F_FLAGS 1
| /* end confdefs.h.  */
| 
| #ifdef HAVE_SYS_VFS_H
| #include <sys/vfs.h>
| #endif
| #ifdef HAVE_SYS_STATFS_H
| #include <sys/statfs.h>
| #endif
| #ifdef HAVE_SYS_PARAM_H
| #include <sys/param.h>
| #endif
| #ifdef HAVE_SYS_MOUNT_H
| #include <sys/mount.h>
| #endif
| 
| int
| main ()
| {
| static struct statfs ac_aggr;
| if (sizeof ac_aggr.f_fstypename)
| return 0;
|   ;
|   return 0;
| }
configure:14214: result: no
configure:14238: checking for struct dirent.d_type
configure:14238: gcc -c  -fPIC  conftest.c >&5
configure:14238: $? = 0
configure:14238: result: yes
configure:14391: checking for FREETYPE
configure:14398: $PKG_CONFIG --exists --print-errors "freetype2"
Package freetype2 was not found in the pkg-config search path.
Perhaps you should add the directory containing `freetype2.pc'
to the PKG_CONFIG_PATH environment variable
No package 'freetype2' found
configure:14401: $? = 1
configure:14415: $PKG_CONFIG --exists --print-errors "freetype2"
Package freetype2 was not found in the pkg-config search path.
Perhaps you should add the directory containing `freetype2.pc'
to the PKG_CONFIG_PATH environment variable
No package 'freetype2' found
configure:14418: $? = 1
configure:14432: result: no
No package 'freetype2' found
configure:14448: error: Package requirements (freetype2) were not met:

No package 'freetype2' found

Consider adjusting the PKG_CONFIG_PATH environment variable if you
installed software in a non-standard prefix.

Alternatively, you may set the environment variables FREETYPE_CFLAGS
and FREETYPE_LIBS to avoid the need to call pkg-config.
See the pkg-config man page for more details.

## ---------------- ##
## Cache variables. ##
## ---------------- ##

ac_cv_build=x86_64-unknown-linux-gnu
ac_cv_c_compiler_gnu=yes
ac_cv_c_const=yes
ac_cv_c_flexmember=yes
ac_cv_c_inline=inline
ac_cv_env_CC_FOR_BUILD_set=
ac_cv_env_CC_FOR_BUILD_value=
ac_cv_env_CC_set=set
ac_cv_env_CC_value=gcc
ac_cv_env_CFLAGS_set=set
ac_cv_env_CFLAGS_value=' -fPIC'
ac_cv_env_CPPFLAGS_set=
ac_cv_env_CPPFLAGS_value=
ac_cv_env_CPP_set=
ac_cv_env_CPP_value=
ac_cv_env_EXPAT_CFLAGS_set=
ac_cv_env_EXPAT_CFLAGS_value=
ac_cv_env_EXPAT_LIBS_set=
ac_cv_env_EXPAT_LIBS_value=
ac_cv_env_FREETYPE_CFLAGS_set=set
ac_cv_env_FREETYPE_CFLAGS_value=
ac_cv_env_FREETYPE_LIBS_set=set
ac_cv_env_FREETYPE_LIBS_value=
ac_cv_env_LDFLAGS_set=
ac_cv_env_LDFLAGS_value=
ac_cv_env_LIBS_set=
ac_cv_env_LIBS_value=
ac_cv_env_LIBXML2_CFLAGS_set=
ac_cv_env_LIBXML2_CFLAGS_value=
ac_cv_env_LIBXML2_LIBS_set=
ac_cv_env_LIBXML2_LIBS_value=
ac_cv_env_PKG_CONFIG_LIBDIR_set=
ac_cv_env_PKG_CONFIG_LIBDIR_value=
ac_cv_env_PKG_CONFIG_PATH_set=
ac_cv_env_PKG_CONFIG_PATH_value=
ac_cv_env_PKG_CONFIG_set=
ac_cv_env_PKG_CONFIG_value=
ac_cv_env_build_alias_set=
ac_cv_env_build_alias_value=
ac_cv_env_host_alias_set=set
ac_cv_env_host_alias_value=x86_64-unknown-linux-gnu
ac_cv_env_target_alias_set=
ac_cv_env_target_alias_value=
ac_cv_func__doprnt=no
ac_cv_func__mktemp_s=no
ac_cv_func_fstatfs=yes
ac_cv_func_fstatvfs=yes
ac_cv_func_getexecname=no
ac_cv_func_getopt=yes
ac_cv_func_getopt_long=yes
ac_cv_func_getpagesize=yes
ac_cv_func_getprogname=no
ac_cv_func_link=yes
ac_cv_func_lrand48=yes
ac_cv_func_lstat=yes
ac_cv_func_mkdtemp=yes
ac_cv_func_mkostemp=yes
ac_cv_func_mkstemp=yes
ac_cv_func_mmap_fixed_mapped=yes
ac_cv_func_rand=yes
ac_cv_func_rand_r=yes
ac_cv_func_random=yes
ac_cv_func_random_r=yes
ac_cv_func_readlink=yes
ac_cv_func_regcomp=yes
ac_cv_func_regerror=yes
ac_cv_func_regexec=yes
ac_cv_func_regfree=yes
ac_cv_func_vprintf=yes
ac_cv_header_dirent_dirent_h=yes
ac_cv_header_dlfcn_h=yes
ac_cv_header_fcntl_h=yes
ac_cv_header_inttypes_h=yes
ac_cv_header_memory_h=yes
ac_cv_header_minix_config_h=no
ac_cv_header_regex_h=yes
ac_cv_header_stdc=yes
ac_cv_header_stdint=stdint.h
ac_cv_header_stdint_h=yes
ac_cv_header_stdint_t=stdint.h
ac_cv_header_stdlib_h=yes
ac_cv_header_string_h=yes
ac_cv_header_strings_h=yes
ac_cv_header_sys_mount_h=yes
ac_cv_header_sys_param_h=yes
ac_cv_header_sys_stat_h=yes
ac_cv_header_sys_statfs_h=yes
ac_cv_header_sys_statvfs_h=yes
ac_cv_header_sys_types_h=yes
ac_cv_header_sys_vfs_h=yes
ac_cv_header_unistd_h=yes
ac_cv_host=x86_64-unknown-linux-gnu
ac_cv_member_struct_dirent_d_type=yes
ac_cv_member_struct_statfs_f_flags=yes
ac_cv_member_struct_statfs_f_fstypename=no
ac_cv_member_struct_statvfs_f_basetype=no
ac_cv_member_struct_statvfs_f_fstypename=no
ac_cv_objext=o
ac_cv_path_EGREP='/bin/grep -E'
ac_cv_path_FGREP='/bin/grep -F'
ac_cv_path_GREP=/bin/grep
ac_cv_path_SED=/bin/sed
ac_cv_path_ac_pt_PKG_CONFIG=/usr/bin/pkg-config
ac_cv_path_install='/usr/bin/install -c'
ac_cv_path_mkdir=/bin/mkdir
ac_cv_prog_AR=ar
ac_cv_prog_AWK=gawk
ac_cv_prog_CC=gcc
ac_cv_prog_CPP='gcc -E'
ac_cv_prog_STRIP=strip
ac_cv_prog_ac_ct_MANIFEST_TOOL=mt
ac_cv_prog_ac_ct_OBJDUMP=objdump
ac_cv_prog_ac_ct_RANLIB=ranlib
ac_cv_prog_ac_ct_STRIP=strip
ac_cv_prog_cc_c89=
ac_cv_prog_cc_g=yes
ac_cv_prog_make_make_set=yes
ac_cv_safe_to_define___extensions__=yes
ac_cv_search_opendir='none required'
ac_cv_stdint_message='using gnu compiler gcc (Ubuntu 7.3.0-27ubuntu1~18.04) 7.3.0'
ac_cv_stdint_result='(assuming C99 compatible system)'
ac_cv_sys_file_offset_bits=no
ac_cv_sys_largefile_CC=no
ac_cv_type_pid_t=yes
am_cv_CC_dependencies_compiler_type=gcc3
am_cv_make_support_nested_variables=yes
am_cv_prog_cc_c_o=yes
lt_cv_ar_at_file=@
lt_cv_deplibs_check_method=pass_all
lt_cv_file_magic_cmd='$MAGIC_CMD'
lt_cv_file_magic_test_file=
lt_cv_ld_reload_flag=-r
lt_cv_nm_interface='BSD nm'
lt_cv_objdir=.libs
lt_cv_path_LD=/usr/bin/ld
lt_cv_path_NM='/usr/bin/nm -B'
lt_cv_path_mainfest_tool=no
lt_cv_prog_compiler_c_o=yes
lt_cv_prog_compiler_pic='-fPIC -DPIC'
lt_cv_prog_compiler_pic_works=yes
lt_cv_prog_compiler_rtti_exceptions=no
lt_cv_prog_compiler_static_works=yes
lt_cv_prog_gnu_ld=yes
lt_cv_sharedlib_from_linklib_cmd='printf %s\n'
lt_cv_shlibpath_overrides_runpath=yes
lt_cv_sys_global_symbol_pipe='sed -n -e '\''s/^.*[	 ]\([ABCDGIRSTW][ABCDGIRSTW]*\)[	 ][	 ]*\([_A-Za-z][_A-Za-z0-9]*\)$/\1 \2 \2/p'\'' | sed '\''/ __gnu_lto/d'\'''
lt_cv_sys_global_symbol_to_c_name_address='sed -n -e '\''s/^: \([^ ]*\)[ ]*$/  {\"\1\", (void *) 0},/p'\'' -e '\''s/^[ABCDGIRSTW]* \([^ ]*\) \([^ ]*\)$/  {"\2", (void *) \&\2},/p'\'''
lt_cv_sys_global_symbol_to_c_name_address_lib_prefix='sed -n -e '\''s/^: \([^ ]*\)[ ]*$/  {\"\1\", (void *) 0},/p'\'' -e '\''s/^[ABCDGIRSTW]* \([^ ]*\) \(lib[^ ]*\)$/  {"\2", (void *) \&\2},/p'\'' -e '\''s/^[ABCDGIRSTW]* \([^ ]*\) \([^ ]*\)$/  {"lib\2", (void *) \&\2},/p'\'''
lt_cv_sys_global_symbol_to_cdecl='sed -n -e '\''s/^T .* \(.*\)$/extern int \1();/p'\'' -e '\''s/^[ABCDGIRSTW]* .* \(.*\)$/extern char \1;/p'\'''
lt_cv_sys_max_cmd_len=1572864
lt_cv_to_host_file_cmd=func_convert_file_noop
lt_cv_to_tool_file_cmd=func_convert_file_noop

## ----------------- ##
## Output variables. ##
## ----------------- ##

ACLOCAL='${SHELL} /home/timon/.cargo/registry/src/github.com-1ecc6299db9ec823/servo-fontconfig-sys-4.0.7/missing aclocal-1.14'
AMDEPBACKSLASH='\'
AMDEP_FALSE='#'
AMDEP_TRUE=''
AMTAR='$${TAR-tar}'
AM_BACKSLASH='\'
AM_DEFAULT_V='$(AM_DEFAULT_VERBOSITY)'
AM_DEFAULT_VERBOSITY='0'
AM_V='$(V)'
AR='ar'
AS='as'
AUTOCONF='${SHELL} /home/timon/.cargo/registry/src/github.com-1ecc6299db9ec823/servo-fontconfig-sys-4.0.7/missing autoconf'
AUTOHEADER='${SHELL} /home/timon/.cargo/registry/src/github.com-1ecc6299db9ec823/servo-fontconfig-sys-4.0.7/missing autoheader'
AUTOMAKE='${SHELL} /home/timon/.cargo/registry/src/github.com-1ecc6299db9ec823/servo-fontconfig-sys-4.0.7/missing automake-1.14'
AWK='gawk'
BASECONFIGDIR=''
CC='gcc'
CCDEPMODE='depmode=gcc3'
CC_FOR_BUILD='$(CC)'
CFLAGS=' -fPIC'
CONFIGDIR=''
CPP='gcc -E'
CPPFLAGS=''
CROSS_COMPILING_FALSE=''
CROSS_COMPILING_TRUE='#'
CYGPATH_W='echo'
DEFS=''
DEPDIR='.deps'
DLLTOOL='false'
DOCMAN3=''
DSYMUTIL=''
DUMPBIN=''
ECHO_C=''
ECHO_N='-n'
ECHO_T=''
EGREP='/bin/grep -E'
ENABLE_DOCS_FALSE=''
ENABLE_DOCS_TRUE=''
ENABLE_SHARED_FALSE=''
ENABLE_SHARED_TRUE='#'
EXEEXT=''
EXEEXT_FOR_BUILD='$(EXEEXT)'
EXPAT_CFLAGS=''
EXPAT_LIBS=''
FC_ADD_FONTS=''
FC_CACHEDIR=''
FC_DEFAULT_FONTS=''
FC_FONTDATE=''
FC_FONTPATH=''
FGREP='/bin/grep -F'
FREETYPE_CFLAGS=''
FREETYPE_LIBS=''
GIT='${SHELL} /home/timon/.cargo/registry/src/github.com-1ecc6299db9ec823/servo-fontconfig-sys-4.0.7/missing git'
GPERF='${SHELL} /home/timon/.cargo/registry/src/github.com-1ecc6299db9ec823/servo-fontconfig-sys-4.0.7/missing gperf'
GREP='/bin/grep'
HASDOCBOOK=''
HAVE_PTHREAD_FALSE=''
HAVE_PTHREAD_TRUE=''
HAVE_XMLPARSE_H=''
ICONV_CFLAGS=''
ICONV_LIBS=''
INSTALL_DATA='${INSTALL} -m 644'
INSTALL_PROGRAM='${INSTALL}'
INSTALL_SCRIPT='${INSTALL}'
INSTALL_STRIP_PROGRAM='$(install_sh) -c -s'
LD='/usr/bin/ld -m elf_x86_64'
LDFLAGS=''
LIBOBJS=''
LIBS=''
LIBTOOL='$(SHELL) $(top_builddir)/libtool'
LIBT_CURRENT='9'
LIBT_CURRENT_MINUS_AGE='1'
LIBT_REVISION='0'
LIBT_VERSION_INFO='9:0:8'
LIBXML2_CFLAGS=''
LIBXML2_LIBS=''
LIPO=''
LN_S='ln -s'
LTLIBOBJS=''
MAINT='#'
MAINTAINER_MODE_FALSE=''
MAINTAINER_MODE_TRUE='#'
MAKEINFO='${SHELL} /home/timon/.cargo/registry/src/github.com-1ecc6299db9ec823/servo-fontconfig-sys-4.0.7/missing makeinfo'
MANIFEST_TOOL=':'
MKDIR_P='/bin/mkdir -p'
MS_LIB_AVAILABLE_FALSE=''
MS_LIB_AVAILABLE_TRUE='#'
NM='/usr/bin/nm -B'
NMEDIT=''
OBJDUMP='objdump'
OBJEXT='o'
OS_WIN32_FALSE=''
OS_WIN32_TRUE='#'
OTOOL64=''
OTOOL=''
PACKAGE='fontconfig'
PACKAGE_BUGREPORT='https://bugs.freedesktop.org/enter_bug.cgi?product=fontconfig'
PACKAGE_NAME='fontconfig'
PACKAGE_STRING='fontconfig 2.11.1'
PACKAGE_TARNAME='fontconfig'
PACKAGE_URL=''
PACKAGE_VERSION='2.11.1'
PATH_SEPARATOR=':'
PKGCONFIG_REQUIRES=''
PKGCONFIG_REQUIRES_PRIVATELY=''
PKG_CONFIG='/usr/bin/pkg-config'
PKG_CONFIG_LIBDIR=''
PKG_CONFIG_PATH=''
PTHREAD_CC=''
PTHREAD_CFLAGS=''
PTHREAD_LIBS=''
RANLIB='ranlib'
RM='rm -f'
SED='/bin/sed'
SET_MAKE=''
SHELL='/bin/bash'
STRIP='strip'
TEMPLATEDIR=''
USEDOCBOOK_FALSE=''
USEDOCBOOK_TRUE=''
VERSION='2.11.1'
WARN_CFLAGS='-Wall -Wpointer-arith -Wstrict-prototypes 	-Wmissing-prototypes -Wmissing-declarations 	-Wnested-externs -fno-strict-aliasing'
XMLDIR=''
ac_ct_AR=''
ac_ct_CC=''
ac_ct_DUMPBIN=''
am__EXEEXT_FALSE=''
am__EXEEXT_TRUE=''
am__fastdepCC_FALSE='#'
am__fastdepCC_TRUE=''
am__include='include'
am__isrc=' -I$(srcdir)'
am__leading_dot='.'
am__nodep='_no'
am__quote=''
am__tar='$${TAR-tar} chof - "$$tardir"'
am__untar='$${TAR-tar} xf -'
ax_pthread_config=''
bindir='${exec_prefix}/bin'
build='x86_64-unknown-linux-gnu'
build_alias=''
build_cpu='x86_64'
build_os='linux-gnu'
build_vendor='unknown'
datadir='${datarootdir}'
datarootdir='${prefix}/share'
docdir='${datarootdir}/doc/${PACKAGE_TARNAME}'
dvidir='${docdir}'
exec_prefix='NONE'
fc_cachedir=''
host='x86_64-unknown-linux-gnu'
host_alias='x86_64-unknown-linux-gnu'
host_cpu='x86_64'
host_os='linux-gnu'
host_vendor='unknown'
htmldir='${docdir}'
includedir='${prefix}/include'
infodir='${datarootdir}/info'
install_sh='${SHELL} /home/timon/.cargo/registry/src/github.com-1ecc6299db9ec823/servo-fontconfig-sys-4.0.7/install-sh'
libdir='${exec_prefix}/lib'
libexecdir='${exec_prefix}/libexec'
localedir='${datarootdir}/locale'
localstatedir='/var'
mandir='${datarootdir}/man'
mkdir_p='$(MKDIR_P)'
ms_librarian=''
oldincludedir='/usr/include'
pdfdir='${docdir}'
pkgconfigdir='${libdir}/pkgconfig'
prefix='NONE'
program_transform_name='s,x,x,'
psdir='${docdir}'
sbindir='${exec_prefix}/sbin'
sharedstatedir='${prefix}/com'
sysconfdir='/etc'
target_alias=''

## ----------- ##
## confdefs.h. ##
## ----------- ##

/* confdefs.h */
#define PACKAGE_NAME "fontconfig"
#define PACKAGE_TARNAME "fontconfig"
#define PACKAGE_VERSION "2.11.1"
#define PACKAGE_STRING "fontconfig 2.11.1"
#define PACKAGE_BUGREPORT "https://bugs.freedesktop.org/enter_bug.cgi?product=fontconfig"
#define PACKAGE_URL ""
#define PACKAGE "fontconfig"
#define VERSION "2.11.1"
#define STDC_HEADERS 1
#define HAVE_SYS_TYPES_H 1
#define HAVE_SYS_STAT_H 1
#define HAVE_STDLIB_H 1
#define HAVE_STRING_H 1
#define HAVE_MEMORY_H 1
#define HAVE_STRINGS_H 1
#define HAVE_INTTYPES_H 1
#define HAVE_STDINT_H 1
#define HAVE_UNISTD_H 1
#define __EXTENSIONS__ 1
#define _ALL_SOURCE 1
#define _GNU_SOURCE 1
#define _POSIX_PTHREAD_SEMANTICS 1
#define _TANDEM_SOURCE 1
#define HAVE_DLFCN_H 1
#define LT_OBJDIR ".libs/"
#define HAVE_WARNING_CPP_DIRECTIVE 1
#define HAVE_DIRENT_H 1
#define STDC_HEADERS 1
#define HAVE_FCNTL_H 1
#define HAVE_REGEX_H 1
#define HAVE_STDLIB_H 1
#define HAVE_STRING_H 1
#define HAVE_UNISTD_H 1
#define HAVE_SYS_STATVFS_H 1
#define HAVE_SYS_VFS_H 1
#define HAVE_SYS_STATFS_H 1
#define HAVE_SYS_PARAM_H 1
#define HAVE_SYS_MOUNT_H 1
#define FLEXIBLE_ARRAY_MEMBER /**/
#define HAVE_VPRINTF 1
#define HAVE_STDLIB_H 1
#define HAVE_UNISTD_H 1
#define HAVE_SYS_PARAM_H 1
#define HAVE_GETPAGESIZE 1
#define HAVE_MMAP 1
#define HAVE_LINK 1
#define HAVE_MKSTEMP 1
#define HAVE_MKOSTEMP 1
#define HAVE_MKDTEMP 1
#define HAVE_GETOPT 1
#define HAVE_GETOPT_LONG 1
#define HAVE_RAND 1
#define HAVE_RANDOM 1
#define HAVE_LRAND48 1
#define HAVE_RANDOM_R 1
#define HAVE_RAND_R 1
#define HAVE_READLINK 1
#define HAVE_REGCOMP 1
#define HAVE_REGERROR 1
#define HAVE_REGEXEC 1
#define HAVE_REGFREE 1
#define HAVE_FSTATVFS 1
#define HAVE_FSTATFS 1
#define HAVE_LSTAT 1
#define HAVE_POSIX_FADVISE 1
#define HAVE_SCANDIR 1
#define HAVE_STRUCT_STATFS_F_FLAGS 1
#define HAVE_STRUCT_DIRENT_D_TYPE 1
#define USE_REGEX /**/
#define USE_ICONV 0

configure: exit 1
